24-Apr-2024 20:02:10.733 INFO [main] org.apache.catalina.startup.VersionLoggerListener.log Nombre de la versión del servidor: Apache Tomcat/10.1.20
24-Apr-2024 20:02:10.739 INFO [main] org.apache.catalina.startup.VersionLoggerListener.log Server built:                      Mar 19 2024 12:49:58 UTC
24-Apr-2024 20:02:10.739 INFO [main] org.apache.catalina.startup.VersionLoggerListener.log Número de versión de servidor:     10.1.20.0
24-Apr-2024 20:02:10.740 INFO [main] org.apache.catalina.startup.VersionLoggerListener.log OS Name:                           Windows 10
24-Apr-2024 20:02:10.740 INFO [main] org.apache.catalina.startup.VersionLoggerListener.log Versión de Systema Operativo:      10.0
24-Apr-2024 20:02:10.740 INFO [main] org.apache.catalina.startup.VersionLoggerListener.log Arquitectura:                      amd64
24-Apr-2024 20:02:10.740 INFO [main] org.apache.catalina.startup.VersionLoggerListener.log Java Home:                         D:\Java\jdk-22
24-Apr-2024 20:02:10.740 INFO [main] org.apache.catalina.startup.VersionLoggerListener.log JVM Version:                       22+36-2370
24-Apr-2024 20:02:10.740 INFO [main] org.apache.catalina.startup.VersionLoggerListener.log Vededor JVM:                       Oracle Corporation
24-Apr-2024 20:02:10.740 INFO [main] org.apache.catalina.startup.VersionLoggerListener.log CATALINA_BASE:                     C:\Users\Yeisi\Downloads\apache-tomcat-10.1.20-windows-x64\apache-tomcat-10.1.20
24-Apr-2024 20:02:10.741 INFO [main] org.apache.catalina.startup.VersionLoggerListener.log CATALINA_HOME:                     C:\Users\Yeisi\Downloads\apache-tomcat-10.1.20-windows-x64\apache-tomcat-10.1.20
24-Apr-2024 20:02:10.757 INFO [main] org.apache.catalina.startup.VersionLoggerListener.log Command line argument:             -Djava.util.logging.config.file=C:\Users\Yeisi\Downloads\apache-tomcat-10.1.20-windows-x64\apache-tomcat-10.1.20\conf\logging.properties
24-Apr-2024 20:02:10.757 INFO [main] org.apache.catalina.startup.VersionLoggerListener.log Command line argument:             -Djava.util.logging.manager=org.apache.juli.ClassLoaderLogManager
24-Apr-2024 20:02:10.757 INFO [main] org.apache.catalina.startup.VersionLoggerListener.log Command line argument:             -Djdk.tls.ephemeralDHKeySize=2048
24-Apr-2024 20:02:10.757 INFO [main] org.apache.catalina.startup.VersionLoggerListener.log Command line argument:             -Djava.protocol.handler.pkgs=org.apache.catalina.webresources
24-Apr-2024 20:02:10.757 INFO [main] org.apache.catalina.startup.VersionLoggerListener.log Command line argument:             --add-opens=java.base/java.lang=ALL-UNNAMED
24-Apr-2024 20:02:10.758 INFO [main] org.apache.catalina.startup.VersionLoggerListener.log Command line argument:             --add-opens=java.base/java.io=ALL-UNNAMED
24-Apr-2024 20:02:10.758 INFO [main] org.apache.catalina.startup.VersionLoggerListener.log Command line argument:             --add-opens=java.base/java.util=ALL-UNNAMED
24-Apr-2024 20:02:10.758 INFO [main] org.apache.catalina.startup.VersionLoggerListener.log Command line argument:             --add-opens=java.base/java.util.concurrent=ALL-UNNAMED
24-Apr-2024 20:02:10.758 INFO [main] org.apache.catalina.startup.VersionLoggerListener.log Command line argument:             --add-opens=java.rmi/sun.rmi.transport=ALL-UNNAMED
24-Apr-2024 20:02:10.758 INFO [main] org.apache.catalina.startup.VersionLoggerListener.log Command line argument:             -Dcatalina.base=C:\Users\Yeisi\Downloads\apache-tomcat-10.1.20-windows-x64\apache-tomcat-10.1.20
24-Apr-2024 20:02:10.758 INFO [main] org.apache.catalina.startup.VersionLoggerListener.log Command line argument:             -Dcatalina.home=C:\Users\Yeisi\Downloads\apache-tomcat-10.1.20-windows-x64\apache-tomcat-10.1.20
24-Apr-2024 20:02:10.759 INFO [main] org.apache.catalina.startup.VersionLoggerListener.log Command line argument:             -Djava.io.tmpdir=C:\Users\Yeisi\Downloads\apache-tomcat-10.1.20-windows-x64\apache-tomcat-10.1.20\temp
24-Apr-2024 20:02:10.795 INFO [main] org.apache.catalina.core.AprLifecycleListener.lifecycleEvent Cargada la biblioteca nativa APR de Apache Tomcat [2.0.7] con la versión APR [1.7.4].
24-Apr-2024 20:02:10.828 INFO [main] org.apache.catalina.core.AprLifecycleListener.initializeSSL OpenSSL inicializado correctamente [OpenSSL 3.0.13 30 Jan 2024]
24-Apr-2024 20:02:11.737 INFO [main] org.apache.coyote.AbstractProtocol.init Inicializando el manejador de protocolo ["http-nio-8080"]

24-Apr-2024 20:02:11.784 INFO [main] org.apache.catalina.startup.Catalina.load Server initialization in [1558] milliseconds
24-Apr-2024 20:02:11.922 INFO [main] org.apache.catalina.core.StandardService.startInternal Arrancando servicio [Catalina]
24-Apr-2024 20:02:11.923 INFO [main] org.apache.catalina.core.StandardEngine.startInternal Starting Servlet engine: [Apache Tomcat/10.1.20]
24-Apr-2024 20:02:11.937 INFO [main] org.apache.catalina.startup.HostConfig.deployDescriptor Desplieque del descriptor de configuración [C:\Users\Yeisi\Downloads\apache-tomcat-10.1.20-windows-x64\apache-tomcat-10.1.20\conf\Catalina\localhost\PracticaLogin.xml]
24-Apr-2024 20:02:12.007 WARNING [main] org.apache.catalina.startup.HostConfig.deployDescriptor The path attribute with value [/PracticaLogin] in deployment descriptor [C:\Users\Yeisi\Downloads\apache-tomcat-10.1.20-windows-x64\apache-tomcat-10.1.20\conf\Catalina\localhost\PracticaLogin.xml] has been ignored
24-Apr-2024 20:02:14.654 INFO [main] org.apache.jasper.servlet.TldScanner.scanJars Al menos un JAR, que se ha explorado buscando TLDs, aún no contenía TLDs. Activar historial de depuración para este historiador para una completa lista de los JARs que fueron explorados y de los que nos se halló TLDs. Saltarse JARs no necesarios durante la exploración puede dar lugar a una mejora de tiempo significativa en el arranque y compilación de JSP .
24-Apr-2024 20:02:14.770 INFO [main] org.apache.catalina.startup.HostConfig.deployDescriptor Deployment of deployment descriptor [C:\Users\Yeisi\Downloads\apache-tomcat-10.1.20-windows-x64\apache-tomcat-10.1.20\conf\Catalina\localhost\PracticaLogin.xml] has finished in [2.830] ms
24-Apr-2024 20:02:14.772 INFO [main] org.apache.catalina.startup.HostConfig.deployDirectory Desplegando el directorio [C:\Users\Yeisi\Downloads\apache-tomcat-10.1.20-windows-x64\apache-tomcat-10.1.20\webapps\docs] de la aplicación web
24-Apr-2024 20:02:14.886 INFO [main] org.apache.catalina.startup.HostConfig.deployDirectory Deployment of web application directory [C:\Users\Yeisi\Downloads\apache-tomcat-10.1.20-windows-x64\apache-tomcat-10.1.20\webapps\docs] has finished in [113] ms
24-Apr-2024 20:02:14.886 INFO [main] org.apache.catalina.startup.HostConfig.deployDirectory Desplegando el directorio [C:\Users\Yeisi\Downloads\apache-tomcat-10.1.20-windows-x64\apache-tomcat-10.1.20\webapps\examples] de la aplicación web
24-Apr-2024 20:02:17.080 INFO [main] org.apache.catalina.startup.HostConfig.deployDirectory Deployment of web application directory [C:\Users\Yeisi\Downloads\apache-tomcat-10.1.20-windows-x64\apache-tomcat-10.1.20\webapps\examples] has finished in [2.194] ms
24-Apr-2024 20:02:17.081 INFO [main] org.apache.catalina.startup.HostConfig.deployDirectory Desplegando el directorio [C:\Users\Yeisi\Downloads\apache-tomcat-10.1.20-windows-x64\apache-tomcat-10.1.20\webapps\host-manager] de la aplicación web
24-Apr-2024 20:02:17.341 INFO [main] org.apache.catalina.startup.HostConfig.deployDirectory Deployment of web application directory [C:\Users\Yeisi\Downloads\apache-tomcat-10.1.20-windows-x64\apache-tomcat-10.1.20\webapps\host-manager] has finished in [259] ms
24-Apr-2024 20:02:17.342 INFO [main] org.apache.catalina.startup.HostConfig.deployDirectory Desplegando el directorio [C:\Users\Yeisi\Downloads\apache-tomcat-10.1.20-windows-x64\apache-tomcat-10.1.20\webapps\manager] de la aplicación web
24-Apr-2024 20:02:17.604 INFO [main] org.apache.catalina.startup.HostConfig.deployDirectory Deployment of web application directory [C:\Users\Yeisi\Downloads\apache-tomcat-10.1.20-windows-x64\apache-tomcat-10.1.20\webapps\manager] has finished in [262] ms
24-Apr-2024 20:02:17.630 INFO [main] org.apache.catalina.startup.HostConfig.deployDirectory Desplegando el directorio [C:\Users\Yeisi\Downloads\apache-tomcat-10.1.20-windows-x64\apache-tomcat-10.1.20\webapps\ROOT] de la aplicación web
24-Apr-2024 20:02:17.843 INFO [main] org.apache.catalina.startup.HostConfig.deployDirectory Deployment of web application directory [C:\Users\Yeisi\Downloads\apache-tomcat-10.1.20-windows-x64\apache-tomcat-10.1.20\webapps\ROOT] has finished in [212] ms
24-Apr-2024 20:02:17.859 INFO [main] org.apache.coyote.AbstractProtocol.start Starting ProtocolHandler ["http-nio-8080"]
24-Apr-2024 20:02:17.946 INFO [main] org.apache.catalina.startup.Catalina.start Server startup in [6159] milliseconds
24-Apr-2024 20:02:31.428 INFO [http-nio-8080-exec-9] org.apache.catalina.startup.HostConfig.undeploy Repliegue (undeploy) de la aplicación web que tiene como trayectoria de contexto [/PracticaLogin]
24-Apr-2024 20:02:31.791 INFO [http-nio-8080-exec-7] org.apache.catalina.startup.HostConfig.deployDescriptor Desplieque del descriptor de configuración [C:\Users\Yeisi\Downloads\apache-tomcat-10.1.20-windows-x64\apache-tomcat-10.1.20\conf\Catalina\localhost\PracticaLogin.xml]
24-Apr-2024 20:02:31.794 WARNING [http-nio-8080-exec-7] org.apache.catalina.startup.HostConfig.deployDescriptor The path attribute with value [/PracticaLogin] in deployment descriptor [C:\Users\Yeisi\Downloads\apache-tomcat-10.1.20-windows-x64\apache-tomcat-10.1.20\conf\Catalina\localhost\PracticaLogin.xml] has been ignored
24-Apr-2024 20:02:32.433 INFO [http-nio-8080-exec-7] org.apache.jasper.servlet.TldScanner.scanJars Al menos un JAR, que se ha explorado buscando TLDs, aún no contenía TLDs. Activar historial de depuración para este historiador para una completa lista de los JARs que fueron explorados y de los que nos se halló TLDs. Saltarse JARs no necesarios durante la exploración puede dar lugar a una mejora de tiempo significativa en el arranque y compilación de JSP .
24-Apr-2024 20:02:32.438 INFO [http-nio-8080-exec-7] org.apache.catalina.startup.HostConfig.deployDescriptor Deployment of deployment descriptor [C:\Users\Yeisi\Downloads\apache-tomcat-10.1.20-windows-x64\apache-tomcat-10.1.20\conf\Catalina\localhost\PracticaLogin.xml] has finished in [647] ms
24-Apr-2024 20:02:32.443 INFO [http-nio-8080-exec-4] org.apache.catalina.util.LifecycleBase.start The start() method was called on component [StandardEngine[Catalina].StandardHost[localhost].StandardContext[/PracticaLogin]] after start() had already been called. The second call will be ignored.
24-Apr-2024 20:15:06.182 INFO [main] org.apache.catalina.core.StandardServer.await Se ha recibido un comando de apagado a través del puerto de apagado. Parando la instancia del Servidor.
24-Apr-2024 20:15:06.183 INFO [main] org.apache.coyote.AbstractProtocol.pause Pausing ProtocolHandler ["http-nio-8080"]
24-Apr-2024 20:15:06.186 INFO [main] org.apache.catalina.core.StandardService.stopInternal Parando servicio [Catalina]
24-Apr-2024 20:15:06.195 WARNING [main] org.apache.catalina.loader.WebappClassLoaderBase.clearReferencesJdbc La aplicación web [PracticaLogin] registró el conductor JDBC [com.mysql.cj.jdbc.Driver] pero falló al anular el registro mientras la aplicación web estaba parada. Para prevenir un fallo de memoria, se ha anulado el registro del conductor JDBC por la fuerza.
24-Apr-2024 20:15:06.196 WARNING [main] org.apache.catalina.loader.WebappClassLoaderBase.clearReferencesThreads The web application [PracticaLogin] appears to have started a thread named [mysql-cj-abandoned-connection-cleanup] but has failed to stop it. This is very likely to create a memory leak. Stack trace of thread:
 java.base/jdk.internal.misc.Unsafe.park(Native Method)
 java.base/java.util.concurrent.locks.LockSupport.parkNanos(LockSupport.java:269)
 java.base/java.util.concurrent.locks.AbstractQueuedSynchronizer$ConditionObject.await(AbstractQueuedSynchronizer.java:1847)
 java.base/java.lang.ref.ReferenceQueue.await(ReferenceQueue.java:71)
 java.base/java.lang.ref.ReferenceQueue.remove0(ReferenceQueue.java:143)
 java.base/java.lang.ref.ReferenceQueue.remove(ReferenceQueue.java:218)
 com.mysql.cj.jdbc.AbandonedConnectionCleanupThread.run(AbandonedConnectionCleanupThread.java:91)
 java.base/java.util.concurrent.ThreadPoolExecutor.runWorker(ThreadPoolExecutor.java:1144)
 java.base/java.util.concurrent.ThreadPoolExecutor$Worker.run(ThreadPoolExecutor.java:642)
 java.base/java.lang.Thread.run(Thread.java:1570)
24-Apr-2024 20:15:06.211 INFO [main] org.apache.coyote.AbstractProtocol.stop Stopping ProtocolHandler ["http-nio-8080"]
24-Apr-2024 20:15:06.227 INFO [main] org.apache.coyote.AbstractProtocol.destroy Destroying ProtocolHandler ["http-nio-8080"]
