15-Apr-2024 15:42:00.605 INFO [main] org.apache.catalina.startup.VersionLoggerListener.log Nombre de la versión del servidor: Apache Tomcat/10.1.20
15-Apr-2024 15:42:00.613 INFO [main] org.apache.catalina.startup.VersionLoggerListener.log Server built:                      Mar 19 2024 12:49:58 UTC
15-Apr-2024 15:42:00.613 INFO [main] org.apache.catalina.startup.VersionLoggerListener.log Número de versión de servidor:     10.1.20.0
15-Apr-2024 15:42:00.614 INFO [main] org.apache.catalina.startup.VersionLoggerListener.log OS Name:                           Windows 10
15-Apr-2024 15:42:00.614 INFO [main] org.apache.catalina.startup.VersionLoggerListener.log Versión de Systema Operativo:      10.0
15-Apr-2024 15:42:00.614 INFO [main] org.apache.catalina.startup.VersionLoggerListener.log Arquitectura:                      amd64
15-Apr-2024 15:42:00.614 INFO [main] org.apache.catalina.startup.VersionLoggerListener.log Java Home:                         D:\Java\jdk-22
15-Apr-2024 15:42:00.614 INFO [main] org.apache.catalina.startup.VersionLoggerListener.log JVM Version:                       22+36-2370
15-Apr-2024 15:42:00.615 INFO [main] org.apache.catalina.startup.VersionLoggerListener.log Vededor JVM:                       Oracle Corporation
15-Apr-2024 15:42:00.615 INFO [main] org.apache.catalina.startup.VersionLoggerListener.log CATALINA_BASE:                     C:\Users\Yeisi\Downloads\apache-tomcat-10.1.20-windows-x64\apache-tomcat-10.1.20
15-Apr-2024 15:42:00.616 INFO [main] org.apache.catalina.startup.VersionLoggerListener.log CATALINA_HOME:                     C:\Users\Yeisi\Downloads\apache-tomcat-10.1.20-windows-x64\apache-tomcat-10.1.20
15-Apr-2024 15:42:00.636 INFO [main] org.apache.catalina.startup.VersionLoggerListener.log Command line argument:             -Djava.util.logging.config.file=C:\Users\Yeisi\Downloads\apache-tomcat-10.1.20-windows-x64\apache-tomcat-10.1.20\conf\logging.properties
15-Apr-2024 15:42:00.636 INFO [main] org.apache.catalina.startup.VersionLoggerListener.log Command line argument:             -Djava.util.logging.manager=org.apache.juli.ClassLoaderLogManager
15-Apr-2024 15:42:00.637 INFO [main] org.apache.catalina.startup.VersionLoggerListener.log Command line argument:             -Djdk.tls.ephemeralDHKeySize=2048
15-Apr-2024 15:42:00.637 INFO [main] org.apache.catalina.startup.VersionLoggerListener.log Command line argument:             -Djava.protocol.handler.pkgs=org.apache.catalina.webresources
15-Apr-2024 15:42:00.637 INFO [main] org.apache.catalina.startup.VersionLoggerListener.log Command line argument:             --add-opens=java.base/java.lang=ALL-UNNAMED
15-Apr-2024 15:42:00.639 INFO [main] org.apache.catalina.startup.VersionLoggerListener.log Command line argument:             --add-opens=java.base/java.io=ALL-UNNAMED
15-Apr-2024 15:42:00.640 INFO [main] org.apache.catalina.startup.VersionLoggerListener.log Command line argument:             --add-opens=java.base/java.util=ALL-UNNAMED
15-Apr-2024 15:42:00.640 INFO [main] org.apache.catalina.startup.VersionLoggerListener.log Command line argument:             --add-opens=java.base/java.util.concurrent=ALL-UNNAMED
15-Apr-2024 15:42:00.641 INFO [main] org.apache.catalina.startup.VersionLoggerListener.log Command line argument:             --add-opens=java.rmi/sun.rmi.transport=ALL-UNNAMED
15-Apr-2024 15:42:00.641 INFO [main] org.apache.catalina.startup.VersionLoggerListener.log Command line argument:             -Dcatalina.base=C:\Users\Yeisi\Downloads\apache-tomcat-10.1.20-windows-x64\apache-tomcat-10.1.20
15-Apr-2024 15:42:00.641 INFO [main] org.apache.catalina.startup.VersionLoggerListener.log Command line argument:             -Dcatalina.home=C:\Users\Yeisi\Downloads\apache-tomcat-10.1.20-windows-x64\apache-tomcat-10.1.20
15-Apr-2024 15:42:00.641 INFO [main] org.apache.catalina.startup.VersionLoggerListener.log Command line argument:             -Djava.io.tmpdir=C:\Users\Yeisi\Downloads\apache-tomcat-10.1.20-windows-x64\apache-tomcat-10.1.20\temp
15-Apr-2024 15:42:00.675 INFO [main] org.apache.catalina.core.AprLifecycleListener.lifecycleEvent Cargada la biblioteca nativa APR de Apache Tomcat [2.0.7] con la versión APR [1.7.4].
15-Apr-2024 15:42:00.724 INFO [main] org.apache.catalina.core.AprLifecycleListener.initializeSSL OpenSSL inicializado correctamente [OpenSSL 3.0.13 30 Jan 2024]
15-Apr-2024 15:42:01.595 INFO [main] org.apache.coyote.AbstractProtocol.init Inicializando el manejador de protocolo ["http-nio-8080"]

15-Apr-2024 15:42:01.633 INFO [main] org.apache.catalina.startup.Catalina.load Server initialization in [1370] milliseconds
15-Apr-2024 15:42:01.749 INFO [main] org.apache.catalina.core.StandardService.startInternal Arrancando servicio [Catalina]
15-Apr-2024 15:42:01.749 INFO [main] org.apache.catalina.core.StandardEngine.startInternal Starting Servlet engine: [Apache Tomcat/10.1.20]
15-Apr-2024 15:42:01.788 INFO [main] org.apache.catalina.startup.HostConfig.deployDirectory Desplegando el directorio [C:\Users\Yeisi\Downloads\apache-tomcat-10.1.20-windows-x64\apache-tomcat-10.1.20\webapps\docs] de la aplicación web
15-Apr-2024 15:42:02.420 INFO [main] org.apache.catalina.startup.HostConfig.deployDirectory Deployment of web application directory [C:\Users\Yeisi\Downloads\apache-tomcat-10.1.20-windows-x64\apache-tomcat-10.1.20\webapps\docs] has finished in [628] ms
15-Apr-2024 15:42:02.421 INFO [main] org.apache.catalina.startup.HostConfig.deployDirectory Desplegando el directorio [C:\Users\Yeisi\Downloads\apache-tomcat-10.1.20-windows-x64\apache-tomcat-10.1.20\webapps\examples] de la aplicación web
15-Apr-2024 15:42:04.394 INFO [main] org.apache.catalina.startup.HostConfig.deployDirectory Deployment of web application directory [C:\Users\Yeisi\Downloads\apache-tomcat-10.1.20-windows-x64\apache-tomcat-10.1.20\webapps\examples] has finished in [1.972] ms
15-Apr-2024 15:42:04.394 INFO [main] org.apache.catalina.startup.HostConfig.deployDirectory Desplegando el directorio [C:\Users\Yeisi\Downloads\apache-tomcat-10.1.20-windows-x64\apache-tomcat-10.1.20\webapps\host-manager] de la aplicación web
15-Apr-2024 15:42:04.507 INFO [main] org.apache.catalina.startup.HostConfig.deployDirectory Deployment of web application directory [C:\Users\Yeisi\Downloads\apache-tomcat-10.1.20-windows-x64\apache-tomcat-10.1.20\webapps\host-manager] has finished in [112] ms
15-Apr-2024 15:42:04.507 INFO [main] org.apache.catalina.startup.HostConfig.deployDirectory Desplegando el directorio [C:\Users\Yeisi\Downloads\apache-tomcat-10.1.20-windows-x64\apache-tomcat-10.1.20\webapps\manager] de la aplicación web
15-Apr-2024 15:42:04.669 INFO [main] org.apache.catalina.startup.HostConfig.deployDirectory Deployment of web application directory [C:\Users\Yeisi\Downloads\apache-tomcat-10.1.20-windows-x64\apache-tomcat-10.1.20\webapps\manager] has finished in [161] ms
15-Apr-2024 15:42:04.669 INFO [main] org.apache.catalina.startup.HostConfig.deployDirectory Desplegando el directorio [C:\Users\Yeisi\Downloads\apache-tomcat-10.1.20-windows-x64\apache-tomcat-10.1.20\webapps\ROOT] de la aplicación web
15-Apr-2024 15:42:04.790 INFO [main] org.apache.catalina.startup.HostConfig.deployDirectory Deployment of web application directory [C:\Users\Yeisi\Downloads\apache-tomcat-10.1.20-windows-x64\apache-tomcat-10.1.20\webapps\ROOT] has finished in [121] ms
15-Apr-2024 15:42:04.799 INFO [main] org.apache.coyote.AbstractProtocol.start Starting ProtocolHandler ["http-nio-8080"]
15-Apr-2024 15:42:04.872 INFO [main] org.apache.catalina.startup.Catalina.start Server startup in [3238] milliseconds
15-Apr-2024 15:42:10.825 INFO [http-nio-8080-exec-9] org.apache.catalina.startup.HostConfig.deployDescriptor Desplieque del descriptor de configuración [C:\Users\Yeisi\Downloads\apache-tomcat-10.1.20-windows-x64\apache-tomcat-10.1.20\conf\Catalina\localhost\PracticaLogin.xml]
15-Apr-2024 15:42:10.832 WARNING [http-nio-8080-exec-9] org.apache.catalina.startup.HostConfig.deployDescriptor The path attribute with value [/PracticaLogin] in deployment descriptor [C:\Users\Yeisi\Downloads\apache-tomcat-10.1.20-windows-x64\apache-tomcat-10.1.20\conf\Catalina\localhost\PracticaLogin.xml] has been ignored
15-Apr-2024 15:42:10.907 INFO [http-nio-8080-exec-9] org.apache.catalina.startup.HostConfig.deployDescriptor Deployment of deployment descriptor [C:\Users\Yeisi\Downloads\apache-tomcat-10.1.20-windows-x64\apache-tomcat-10.1.20\conf\Catalina\localhost\PracticaLogin.xml] has finished in [82] ms
15-Apr-2024 15:42:10.918 INFO [http-nio-8080-exec-8] org.apache.catalina.util.LifecycleBase.start The start() method was called on component [StandardEngine[Catalina].StandardHost[localhost].StandardContext[/PracticaLogin]] after start() had already been called. The second call will be ignored.
15-Apr-2024 15:43:41.649 INFO [http-nio-8080-exec-2] org.apache.catalina.startup.HostConfig.undeploy Repliegue (undeploy) de la aplicación web que tiene como trayectoria de contexto [/PracticaLogin]
15-Apr-2024 15:43:41.684 INFO [http-nio-8080-exec-3] org.apache.catalina.startup.HostConfig.deployDescriptor Desplieque del descriptor de configuración [C:\Users\Yeisi\Downloads\apache-tomcat-10.1.20-windows-x64\apache-tomcat-10.1.20\conf\Catalina\localhost\PracticaLogin.xml]
15-Apr-2024 15:43:41.687 WARNING [http-nio-8080-exec-3] org.apache.catalina.startup.HostConfig.deployDescriptor The path attribute with value [/PracticaLogin] in deployment descriptor [C:\Users\Yeisi\Downloads\apache-tomcat-10.1.20-windows-x64\apache-tomcat-10.1.20\conf\Catalina\localhost\PracticaLogin.xml] has been ignored
15-Apr-2024 15:43:41.739 INFO [http-nio-8080-exec-3] org.apache.catalina.startup.HostConfig.deployDescriptor Deployment of deployment descriptor [C:\Users\Yeisi\Downloads\apache-tomcat-10.1.20-windows-x64\apache-tomcat-10.1.20\conf\Catalina\localhost\PracticaLogin.xml] has finished in [56] ms
15-Apr-2024 15:43:41.743 INFO [http-nio-8080-exec-10] org.apache.catalina.util.LifecycleBase.start The start() method was called on component [StandardEngine[Catalina].StandardHost[localhost].StandardContext[/PracticaLogin]] after start() had already been called. The second call will be ignored.
15-Apr-2024 15:48:33.369 INFO [http-nio-8080-exec-18] org.apache.catalina.startup.HostConfig.undeploy Repliegue (undeploy) de la aplicación web que tiene como trayectoria de contexto [/PracticaLogin]
15-Apr-2024 15:48:33.426 INFO [http-nio-8080-exec-16] org.apache.catalina.startup.HostConfig.deployDescriptor Desplieque del descriptor de configuración [C:\Users\Yeisi\Downloads\apache-tomcat-10.1.20-windows-x64\apache-tomcat-10.1.20\conf\Catalina\localhost\PracticaLogin.xml]
15-Apr-2024 15:48:33.432 WARNING [http-nio-8080-exec-16] org.apache.catalina.startup.HostConfig.deployDescriptor The path attribute with value [/PracticaLogin] in deployment descriptor [C:\Users\Yeisi\Downloads\apache-tomcat-10.1.20-windows-x64\apache-tomcat-10.1.20\conf\Catalina\localhost\PracticaLogin.xml] has been ignored
15-Apr-2024 15:48:33.494 INFO [http-nio-8080-exec-16] org.apache.catalina.startup.HostConfig.deployDescriptor Deployment of deployment descriptor [C:\Users\Yeisi\Downloads\apache-tomcat-10.1.20-windows-x64\apache-tomcat-10.1.20\conf\Catalina\localhost\PracticaLogin.xml] has finished in [67] ms
15-Apr-2024 15:48:33.497 INFO [http-nio-8080-exec-15] org.apache.catalina.util.LifecycleBase.start The start() method was called on component [StandardEngine[Catalina].StandardHost[localhost].StandardContext[/PracticaLogin]] after start() had already been called. The second call will be ignored.
15-Apr-2024 15:49:33.329 INFO [main] org.apache.catalina.core.StandardServer.await Se ha recibido un comando de apagado a través del puerto de apagado. Parando la instancia del Servidor.
15-Apr-2024 15:49:33.330 INFO [main] org.apache.coyote.AbstractProtocol.pause Pausing ProtocolHandler ["http-nio-8080"]
15-Apr-2024 15:49:33.334 INFO [main] org.apache.catalina.core.StandardService.stopInternal Parando servicio [Catalina]
15-Apr-2024 15:49:33.354 INFO [main] org.apache.coyote.AbstractProtocol.stop Stopping ProtocolHandler ["http-nio-8080"]
15-Apr-2024 15:49:33.362 INFO [main] org.apache.coyote.AbstractProtocol.destroy Destroying ProtocolHandler ["http-nio-8080"]
15-Apr-2024 15:51:05.602 INFO [main] org.apache.catalina.startup.VersionLoggerListener.log Nombre de la versión del servidor: Apache Tomcat/10.1.20
15-Apr-2024 15:51:05.607 INFO [main] org.apache.catalina.startup.VersionLoggerListener.log Server built:                      Mar 19 2024 12:49:58 UTC
15-Apr-2024 15:51:05.610 INFO [main] org.apache.catalina.startup.VersionLoggerListener.log Número de versión de servidor:     10.1.20.0
15-Apr-2024 15:51:05.610 INFO [main] org.apache.catalina.startup.VersionLoggerListener.log OS Name:                           Windows 10
15-Apr-2024 15:51:05.612 INFO [main] org.apache.catalina.startup.VersionLoggerListener.log Versión de Systema Operativo:      10.0
15-Apr-2024 15:51:05.612 INFO [main] org.apache.catalina.startup.VersionLoggerListener.log Arquitectura:                      amd64
15-Apr-2024 15:51:05.612 INFO [main] org.apache.catalina.startup.VersionLoggerListener.log Java Home:                         D:\Java\jdk-22
15-Apr-2024 15:51:05.614 INFO [main] org.apache.catalina.startup.VersionLoggerListener.log JVM Version:                       22+36-2370
15-Apr-2024 15:51:05.614 INFO [main] org.apache.catalina.startup.VersionLoggerListener.log Vededor JVM:                       Oracle Corporation
15-Apr-2024 15:51:05.614 INFO [main] org.apache.catalina.startup.VersionLoggerListener.log CATALINA_BASE:                     C:\Users\Yeisi\Downloads\apache-tomcat-10.1.20-windows-x64\apache-tomcat-10.1.20
15-Apr-2024 15:51:05.615 INFO [main] org.apache.catalina.startup.VersionLoggerListener.log CATALINA_HOME:                     C:\Users\Yeisi\Downloads\apache-tomcat-10.1.20-windows-x64\apache-tomcat-10.1.20
15-Apr-2024 15:51:05.634 INFO [main] org.apache.catalina.startup.VersionLoggerListener.log Command line argument:             -Djava.util.logging.config.file=C:\Users\Yeisi\Downloads\apache-tomcat-10.1.20-windows-x64\apache-tomcat-10.1.20\conf\logging.properties
15-Apr-2024 15:51:05.634 INFO [main] org.apache.catalina.startup.VersionLoggerListener.log Command line argument:             -Djava.util.logging.manager=org.apache.juli.ClassLoaderLogManager
15-Apr-2024 15:51:05.634 INFO [main] org.apache.catalina.startup.VersionLoggerListener.log Command line argument:             -Djdk.tls.ephemeralDHKeySize=2048
15-Apr-2024 15:51:05.634 INFO [main] org.apache.catalina.startup.VersionLoggerListener.log Command line argument:             -Djava.protocol.handler.pkgs=org.apache.catalina.webresources
15-Apr-2024 15:51:05.635 INFO [main] org.apache.catalina.startup.VersionLoggerListener.log Command line argument:             --add-opens=java.base/java.lang=ALL-UNNAMED
15-Apr-2024 15:51:05.635 INFO [main] org.apache.catalina.startup.VersionLoggerListener.log Command line argument:             --add-opens=java.base/java.io=ALL-UNNAMED
15-Apr-2024 15:51:05.635 INFO [main] org.apache.catalina.startup.VersionLoggerListener.log Command line argument:             --add-opens=java.base/java.util=ALL-UNNAMED
15-Apr-2024 15:51:05.635 INFO [main] org.apache.catalina.startup.VersionLoggerListener.log Command line argument:             --add-opens=java.base/java.util.concurrent=ALL-UNNAMED
15-Apr-2024 15:51:05.635 INFO [main] org.apache.catalina.startup.VersionLoggerListener.log Command line argument:             --add-opens=java.rmi/sun.rmi.transport=ALL-UNNAMED
15-Apr-2024 15:51:05.636 INFO [main] org.apache.catalina.startup.VersionLoggerListener.log Command line argument:             -Dcatalina.base=C:\Users\Yeisi\Downloads\apache-tomcat-10.1.20-windows-x64\apache-tomcat-10.1.20
15-Apr-2024 15:51:05.636 INFO [main] org.apache.catalina.startup.VersionLoggerListener.log Command line argument:             -Dcatalina.home=C:\Users\Yeisi\Downloads\apache-tomcat-10.1.20-windows-x64\apache-tomcat-10.1.20
15-Apr-2024 15:51:05.636 INFO [main] org.apache.catalina.startup.VersionLoggerListener.log Command line argument:             -Djava.io.tmpdir=C:\Users\Yeisi\Downloads\apache-tomcat-10.1.20-windows-x64\apache-tomcat-10.1.20\temp
15-Apr-2024 15:51:05.639 INFO [main] org.apache.catalina.core.AprLifecycleListener.lifecycleEvent Cargada la biblioteca nativa APR de Apache Tomcat [2.0.7] con la versión APR [1.7.4].
15-Apr-2024 15:51:05.646 INFO [main] org.apache.catalina.core.AprLifecycleListener.initializeSSL OpenSSL inicializado correctamente [OpenSSL 3.0.13 30 Jan 2024]
15-Apr-2024 15:51:06.009 INFO [main] org.apache.coyote.AbstractProtocol.init Inicializando el manejador de protocolo ["http-nio-8080"]

15-Apr-2024 15:51:06.071 INFO [main] org.apache.catalina.startup.Catalina.load Server initialization in [744] milliseconds
15-Apr-2024 15:51:06.173 INFO [main] org.apache.catalina.core.StandardService.startInternal Arrancando servicio [Catalina]
15-Apr-2024 15:51:06.173 INFO [main] org.apache.catalina.core.StandardEngine.startInternal Starting Servlet engine: [Apache Tomcat/10.1.20]
15-Apr-2024 15:51:06.208 INFO [main] org.apache.catalina.startup.HostConfig.deployDescriptor Desplieque del descriptor de configuración [C:\Users\Yeisi\Downloads\apache-tomcat-10.1.20-windows-x64\apache-tomcat-10.1.20\conf\Catalina\localhost\PracticaLogin.xml]
15-Apr-2024 15:51:06.257 WARNING [main] org.apache.catalina.startup.HostConfig.deployDescriptor The path attribute with value [/PracticaLogin] in deployment descriptor [C:\Users\Yeisi\Downloads\apache-tomcat-10.1.20-windows-x64\apache-tomcat-10.1.20\conf\Catalina\localhost\PracticaLogin.xml] has been ignored
15-Apr-2024 15:51:06.681 INFO [main] org.apache.catalina.startup.HostConfig.deployDescriptor Deployment of deployment descriptor [C:\Users\Yeisi\Downloads\apache-tomcat-10.1.20-windows-x64\apache-tomcat-10.1.20\conf\Catalina\localhost\PracticaLogin.xml] has finished in [469] ms
15-Apr-2024 15:51:06.682 INFO [main] org.apache.catalina.startup.HostConfig.deployDirectory Desplegando el directorio [C:\Users\Yeisi\Downloads\apache-tomcat-10.1.20-windows-x64\apache-tomcat-10.1.20\webapps\docs] de la aplicación web
15-Apr-2024 15:51:06.763 INFO [main] org.apache.catalina.startup.HostConfig.deployDirectory Deployment of web application directory [C:\Users\Yeisi\Downloads\apache-tomcat-10.1.20-windows-x64\apache-tomcat-10.1.20\webapps\docs] has finished in [81] ms
15-Apr-2024 15:51:06.764 INFO [main] org.apache.catalina.startup.HostConfig.deployDirectory Desplegando el directorio [C:\Users\Yeisi\Downloads\apache-tomcat-10.1.20-windows-x64\apache-tomcat-10.1.20\webapps\examples] de la aplicación web
15-Apr-2024 15:51:07.368 INFO [main] org.apache.catalina.startup.HostConfig.deployDirectory Deployment of web application directory [C:\Users\Yeisi\Downloads\apache-tomcat-10.1.20-windows-x64\apache-tomcat-10.1.20\webapps\examples] has finished in [604] ms
15-Apr-2024 15:51:07.369 INFO [main] org.apache.catalina.startup.HostConfig.deployDirectory Desplegando el directorio [C:\Users\Yeisi\Downloads\apache-tomcat-10.1.20-windows-x64\apache-tomcat-10.1.20\webapps\host-manager] de la aplicación web
15-Apr-2024 15:51:07.447 INFO [main] org.apache.catalina.startup.HostConfig.deployDirectory Deployment of web application directory [C:\Users\Yeisi\Downloads\apache-tomcat-10.1.20-windows-x64\apache-tomcat-10.1.20\webapps\host-manager] has finished in [78] ms
15-Apr-2024 15:51:07.448 INFO [main] org.apache.catalina.startup.HostConfig.deployDirectory Desplegando el directorio [C:\Users\Yeisi\Downloads\apache-tomcat-10.1.20-windows-x64\apache-tomcat-10.1.20\webapps\manager] de la aplicación web
15-Apr-2024 15:51:07.500 INFO [main] org.apache.catalina.startup.HostConfig.deployDirectory Deployment of web application directory [C:\Users\Yeisi\Downloads\apache-tomcat-10.1.20-windows-x64\apache-tomcat-10.1.20\webapps\manager] has finished in [53] ms
15-Apr-2024 15:51:07.501 INFO [main] org.apache.catalina.startup.HostConfig.deployDirectory Desplegando el directorio [C:\Users\Yeisi\Downloads\apache-tomcat-10.1.20-windows-x64\apache-tomcat-10.1.20\webapps\ROOT] de la aplicación web
15-Apr-2024 15:51:07.546 INFO [main] org.apache.catalina.startup.HostConfig.deployDirectory Deployment of web application directory [C:\Users\Yeisi\Downloads\apache-tomcat-10.1.20-windows-x64\apache-tomcat-10.1.20\webapps\ROOT] has finished in [45] ms
15-Apr-2024 15:51:07.552 INFO [main] org.apache.coyote.AbstractProtocol.start Starting ProtocolHandler ["http-nio-8080"]
15-Apr-2024 15:51:07.591 INFO [main] org.apache.catalina.startup.Catalina.start Server startup in [1513] milliseconds
15-Apr-2024 15:51:11.134 INFO [http-nio-8080-exec-8] org.apache.catalina.startup.HostConfig.undeploy Repliegue (undeploy) de la aplicación web que tiene como trayectoria de contexto [/PracticaLogin]
15-Apr-2024 15:51:11.210 INFO [http-nio-8080-exec-5] org.apache.catalina.startup.HostConfig.deployDescriptor Desplieque del descriptor de configuración [C:\Users\Yeisi\Downloads\apache-tomcat-10.1.20-windows-x64\apache-tomcat-10.1.20\conf\Catalina\localhost\PracticaLogin.xml]
15-Apr-2024 15:51:11.212 WARNING [http-nio-8080-exec-5] org.apache.catalina.startup.HostConfig.deployDescriptor The path attribute with value [/PracticaLogin] in deployment descriptor [C:\Users\Yeisi\Downloads\apache-tomcat-10.1.20-windows-x64\apache-tomcat-10.1.20\conf\Catalina\localhost\PracticaLogin.xml] has been ignored
15-Apr-2024 15:51:11.259 INFO [http-nio-8080-exec-5] org.apache.catalina.startup.HostConfig.deployDescriptor Deployment of deployment descriptor [C:\Users\Yeisi\Downloads\apache-tomcat-10.1.20-windows-x64\apache-tomcat-10.1.20\conf\Catalina\localhost\PracticaLogin.xml] has finished in [49] ms
15-Apr-2024 15:51:11.264 INFO [http-nio-8080-exec-9] org.apache.catalina.util.LifecycleBase.start The start() method was called on component [StandardEngine[Catalina].StandardHost[localhost].StandardContext[/PracticaLogin]] after start() had already been called. The second call will be ignored.
15-Apr-2024 16:37:26.654 INFO [main] org.apache.catalina.core.StandardServer.await Se ha recibido un comando de apagado a través del puerto de apagado. Parando la instancia del Servidor.
15-Apr-2024 16:37:26.655 INFO [main] org.apache.coyote.AbstractProtocol.pause Pausing ProtocolHandler ["http-nio-8080"]
15-Apr-2024 16:37:26.659 INFO [main] org.apache.catalina.core.StandardService.stopInternal Parando servicio [Catalina]
15-Apr-2024 16:37:26.681 INFO [main] org.apache.coyote.AbstractProtocol.stop Stopping ProtocolHandler ["http-nio-8080"]
15-Apr-2024 16:37:26.695 INFO [main] org.apache.coyote.AbstractProtocol.destroy Destroying ProtocolHandler ["http-nio-8080"]
15-Apr-2024 21:16:26.727 INFO [main] org.apache.catalina.startup.VersionLoggerListener.log Nombre de la versión del servidor: Apache Tomcat/10.1.20
15-Apr-2024 21:16:26.748 INFO [main] org.apache.catalina.startup.VersionLoggerListener.log Server built:                      Mar 19 2024 12:49:58 UTC
15-Apr-2024 21:16:26.748 INFO [main] org.apache.catalina.startup.VersionLoggerListener.log Número de versión de servidor:     10.1.20.0
15-Apr-2024 21:16:26.748 INFO [main] org.apache.catalina.startup.VersionLoggerListener.log OS Name:                           Windows 10
15-Apr-2024 21:16:26.748 INFO [main] org.apache.catalina.startup.VersionLoggerListener.log Versión de Systema Operativo:      10.0
15-Apr-2024 21:16:26.749 INFO [main] org.apache.catalina.startup.VersionLoggerListener.log Arquitectura:                      amd64
15-Apr-2024 21:16:26.749 INFO [main] org.apache.catalina.startup.VersionLoggerListener.log Java Home:                         D:\Java\jdk-22
15-Apr-2024 21:16:26.749 INFO [main] org.apache.catalina.startup.VersionLoggerListener.log JVM Version:                       22+36-2370
15-Apr-2024 21:16:26.749 INFO [main] org.apache.catalina.startup.VersionLoggerListener.log Vededor JVM:                       Oracle Corporation
15-Apr-2024 21:16:26.749 INFO [main] org.apache.catalina.startup.VersionLoggerListener.log CATALINA_BASE:                     C:\Users\Yeisi\Downloads\apache-tomcat-10.1.20-windows-x64\apache-tomcat-10.1.20
15-Apr-2024 21:16:26.749 INFO [main] org.apache.catalina.startup.VersionLoggerListener.log CATALINA_HOME:                     C:\Users\Yeisi\Downloads\apache-tomcat-10.1.20-windows-x64\apache-tomcat-10.1.20
15-Apr-2024 21:16:26.766 INFO [main] org.apache.catalina.startup.VersionLoggerListener.log Command line argument:             -Djava.util.logging.config.file=C:\Users\Yeisi\Downloads\apache-tomcat-10.1.20-windows-x64\apache-tomcat-10.1.20\conf\logging.properties
15-Apr-2024 21:16:26.767 INFO [main] org.apache.catalina.startup.VersionLoggerListener.log Command line argument:             -Djava.util.logging.manager=org.apache.juli.ClassLoaderLogManager
15-Apr-2024 21:16:26.767 INFO [main] org.apache.catalina.startup.VersionLoggerListener.log Command line argument:             -Djdk.tls.ephemeralDHKeySize=2048
15-Apr-2024 21:16:26.767 INFO [main] org.apache.catalina.startup.VersionLoggerListener.log Command line argument:             -Djava.protocol.handler.pkgs=org.apache.catalina.webresources
15-Apr-2024 21:16:26.767 INFO [main] org.apache.catalina.startup.VersionLoggerListener.log Command line argument:             --add-opens=java.base/java.lang=ALL-UNNAMED
15-Apr-2024 21:16:26.767 INFO [main] org.apache.catalina.startup.VersionLoggerListener.log Command line argument:             --add-opens=java.base/java.io=ALL-UNNAMED
15-Apr-2024 21:16:26.767 INFO [main] org.apache.catalina.startup.VersionLoggerListener.log Command line argument:             --add-opens=java.base/java.util=ALL-UNNAMED
15-Apr-2024 21:16:26.767 INFO [main] org.apache.catalina.startup.VersionLoggerListener.log Command line argument:             --add-opens=java.base/java.util.concurrent=ALL-UNNAMED
15-Apr-2024 21:16:26.767 INFO [main] org.apache.catalina.startup.VersionLoggerListener.log Command line argument:             --add-opens=java.rmi/sun.rmi.transport=ALL-UNNAMED
15-Apr-2024 21:16:26.768 INFO [main] org.apache.catalina.startup.VersionLoggerListener.log Command line argument:             -Dcatalina.base=C:\Users\Yeisi\Downloads\apache-tomcat-10.1.20-windows-x64\apache-tomcat-10.1.20
15-Apr-2024 21:16:26.768 INFO [main] org.apache.catalina.startup.VersionLoggerListener.log Command line argument:             -Dcatalina.home=C:\Users\Yeisi\Downloads\apache-tomcat-10.1.20-windows-x64\apache-tomcat-10.1.20
15-Apr-2024 21:16:26.768 INFO [main] org.apache.catalina.startup.VersionLoggerListener.log Command line argument:             -Djava.io.tmpdir=C:\Users\Yeisi\Downloads\apache-tomcat-10.1.20-windows-x64\apache-tomcat-10.1.20\temp
15-Apr-2024 21:16:26.807 INFO [main] org.apache.catalina.core.AprLifecycleListener.lifecycleEvent Cargada la biblioteca nativa APR de Apache Tomcat [2.0.7] con la versión APR [1.7.4].
15-Apr-2024 21:16:26.898 INFO [main] org.apache.catalina.core.AprLifecycleListener.initializeSSL OpenSSL inicializado correctamente [OpenSSL 3.0.13 30 Jan 2024]
15-Apr-2024 21:16:27.626 INFO [main] org.apache.coyote.AbstractProtocol.init Inicializando el manejador de protocolo ["http-nio-8080"]

15-Apr-2024 21:16:27.748 INFO [main] org.apache.catalina.startup.Catalina.load Server initialization in [1612] milliseconds
15-Apr-2024 21:16:27.969 INFO [main] org.apache.catalina.core.StandardService.startInternal Arrancando servicio [Catalina]
15-Apr-2024 21:16:27.969 INFO [main] org.apache.catalina.core.StandardEngine.startInternal Starting Servlet engine: [Apache Tomcat/10.1.20]
15-Apr-2024 21:16:28.008 INFO [main] org.apache.catalina.startup.HostConfig.deployDescriptor Desplieque del descriptor de configuración [C:\Users\Yeisi\Downloads\apache-tomcat-10.1.20-windows-x64\apache-tomcat-10.1.20\conf\Catalina\localhost\PracticaLogin.xml]
15-Apr-2024 21:16:28.096 WARNING [main] org.apache.catalina.startup.HostConfig.deployDescriptor The path attribute with value [/PracticaLogin] in deployment descriptor [C:\Users\Yeisi\Downloads\apache-tomcat-10.1.20-windows-x64\apache-tomcat-10.1.20\conf\Catalina\localhost\PracticaLogin.xml] has been ignored
15-Apr-2024 21:16:29.280 INFO [main] org.apache.catalina.startup.HostConfig.deployDescriptor Deployment of deployment descriptor [C:\Users\Yeisi\Downloads\apache-tomcat-10.1.20-windows-x64\apache-tomcat-10.1.20\conf\Catalina\localhost\PracticaLogin.xml] has finished in [1.260] ms
15-Apr-2024 21:16:29.289 INFO [main] org.apache.catalina.startup.HostConfig.deployDirectory Desplegando el directorio [C:\Users\Yeisi\Downloads\apache-tomcat-10.1.20-windows-x64\apache-tomcat-10.1.20\webapps\docs] de la aplicación web
15-Apr-2024 21:16:29.499 INFO [main] org.apache.catalina.startup.HostConfig.deployDirectory Deployment of web application directory [C:\Users\Yeisi\Downloads\apache-tomcat-10.1.20-windows-x64\apache-tomcat-10.1.20\webapps\docs] has finished in [210] ms
15-Apr-2024 21:16:29.500 INFO [main] org.apache.catalina.startup.HostConfig.deployDirectory Desplegando el directorio [C:\Users\Yeisi\Downloads\apache-tomcat-10.1.20-windows-x64\apache-tomcat-10.1.20\webapps\examples] de la aplicación web
15-Apr-2024 21:16:31.535 INFO [main] org.apache.catalina.startup.HostConfig.deployDirectory Deployment of web application directory [C:\Users\Yeisi\Downloads\apache-tomcat-10.1.20-windows-x64\apache-tomcat-10.1.20\webapps\examples] has finished in [2.036] ms
15-Apr-2024 21:16:31.536 INFO [main] org.apache.catalina.startup.HostConfig.deployDirectory Desplegando el directorio [C:\Users\Yeisi\Downloads\apache-tomcat-10.1.20-windows-x64\apache-tomcat-10.1.20\webapps\host-manager] de la aplicación web
15-Apr-2024 21:16:31.632 INFO [main] org.apache.catalina.startup.HostConfig.deployDirectory Deployment of web application directory [C:\Users\Yeisi\Downloads\apache-tomcat-10.1.20-windows-x64\apache-tomcat-10.1.20\webapps\host-manager] has finished in [97] ms
15-Apr-2024 21:16:31.633 INFO [main] org.apache.catalina.startup.HostConfig.deployDirectory Desplegando el directorio [C:\Users\Yeisi\Downloads\apache-tomcat-10.1.20-windows-x64\apache-tomcat-10.1.20\webapps\manager] de la aplicación web
15-Apr-2024 21:16:31.758 INFO [main] org.apache.catalina.startup.HostConfig.deployDirectory Deployment of web application directory [C:\Users\Yeisi\Downloads\apache-tomcat-10.1.20-windows-x64\apache-tomcat-10.1.20\webapps\manager] has finished in [126] ms
15-Apr-2024 21:16:31.759 INFO [main] org.apache.catalina.startup.HostConfig.deployDirectory Desplegando el directorio [C:\Users\Yeisi\Downloads\apache-tomcat-10.1.20-windows-x64\apache-tomcat-10.1.20\webapps\ROOT] de la aplicación web
15-Apr-2024 21:16:31.871 INFO [main] org.apache.catalina.startup.HostConfig.deployDirectory Deployment of web application directory [C:\Users\Yeisi\Downloads\apache-tomcat-10.1.20-windows-x64\apache-tomcat-10.1.20\webapps\ROOT] has finished in [112] ms
15-Apr-2024 21:16:31.881 INFO [main] org.apache.coyote.AbstractProtocol.start Starting ProtocolHandler ["http-nio-8080"]
15-Apr-2024 21:16:31.948 INFO [main] org.apache.catalina.startup.Catalina.start Server startup in [4195] milliseconds
15-Apr-2024 21:16:58.865 INFO [http-nio-8080-exec-2] org.apache.catalina.startup.HostConfig.undeploy Repliegue (undeploy) de la aplicación web que tiene como trayectoria de contexto [/PracticaLogin]
15-Apr-2024 21:16:58.983 INFO [http-nio-8080-exec-4] org.apache.catalina.startup.HostConfig.deployDescriptor Desplieque del descriptor de configuración [C:\Users\Yeisi\Downloads\apache-tomcat-10.1.20-windows-x64\apache-tomcat-10.1.20\conf\Catalina\localhost\PracticaLogin.xml]
15-Apr-2024 21:16:58.999 WARNING [http-nio-8080-exec-4] org.apache.catalina.startup.HostConfig.deployDescriptor The path attribute with value [/PracticaLogin] in deployment descriptor [C:\Users\Yeisi\Downloads\apache-tomcat-10.1.20-windows-x64\apache-tomcat-10.1.20\conf\Catalina\localhost\PracticaLogin.xml] has been ignored
15-Apr-2024 21:16:59.137 INFO [http-nio-8080-exec-4] org.apache.catalina.startup.HostConfig.deployDescriptor Deployment of deployment descriptor [C:\Users\Yeisi\Downloads\apache-tomcat-10.1.20-windows-x64\apache-tomcat-10.1.20\conf\Catalina\localhost\PracticaLogin.xml] has finished in [154] ms
15-Apr-2024 21:16:59.154 INFO [http-nio-8080-exec-7] org.apache.catalina.util.LifecycleBase.start The start() method was called on component [StandardEngine[Catalina].StandardHost[localhost].StandardContext[/PracticaLogin]] after start() had already been called. The second call will be ignored.
