28-Apr-2024 15:23:27.555 INFO [main] org.apache.catalina.startup.VersionLoggerListener.log Nombre de la versión del servidor: Apache Tomcat/10.1.20
28-Apr-2024 15:23:27.559 INFO [main] org.apache.catalina.startup.VersionLoggerListener.log Server built:                      Mar 19 2024 12:49:58 UTC
28-Apr-2024 15:23:27.560 INFO [main] org.apache.catalina.startup.VersionLoggerListener.log Número de versión de servidor:     10.1.20.0
28-Apr-2024 15:23:27.560 INFO [main] org.apache.catalina.startup.VersionLoggerListener.log OS Name:                           Windows 11
28-Apr-2024 15:23:27.560 INFO [main] org.apache.catalina.startup.VersionLoggerListener.log Versión de Systema Operativo:      10.0
28-Apr-2024 15:23:27.560 INFO [main] org.apache.catalina.startup.VersionLoggerListener.log Arquitectura:                      amd64
28-Apr-2024 15:23:27.560 INFO [main] org.apache.catalina.startup.VersionLoggerListener.log Java Home:                         C:\Program Files\Java\jdk-18.0.1.1
28-Apr-2024 15:23:27.560 INFO [main] org.apache.catalina.startup.VersionLoggerListener.log JVM Version:                       18.0.1.1+2-6
28-Apr-2024 15:23:27.560 INFO [main] org.apache.catalina.startup.VersionLoggerListener.log Vededor JVM:                       Oracle Corporation
28-Apr-2024 15:23:27.560 INFO [main] org.apache.catalina.startup.VersionLoggerListener.log CATALINA_BASE:                     C:\Users\miche\Downloads\UltimoProyectoWeb\ProyectoFinalWeb\apache-tomcat-10.1.20-windows-x64\apache-tomcat-10.1.20
28-Apr-2024 15:23:27.561 INFO [main] org.apache.catalina.startup.VersionLoggerListener.log CATALINA_HOME:                     C:\Users\miche\Downloads\UltimoProyectoWeb\ProyectoFinalWeb\apache-tomcat-10.1.20-windows-x64\apache-tomcat-10.1.20
28-Apr-2024 15:23:27.570 INFO [main] org.apache.catalina.startup.VersionLoggerListener.log Command line argument:             -Djava.util.logging.config.file=C:\Users\miche\Downloads\UltimoProyectoWeb\ProyectoFinalWeb\apache-tomcat-10.1.20-windows-x64\apache-tomcat-10.1.20\conf\logging.properties
28-Apr-2024 15:23:27.570 INFO [main] org.apache.catalina.startup.VersionLoggerListener.log Command line argument:             -Djava.util.logging.manager=org.apache.juli.ClassLoaderLogManager
28-Apr-2024 15:23:27.570 INFO [main] org.apache.catalina.startup.VersionLoggerListener.log Command line argument:             -Dhttp.nonProxyHosts=localhost|127.0.0.1|HpMichelle
28-Apr-2024 15:23:27.570 INFO [main] org.apache.catalina.startup.VersionLoggerListener.log Command line argument:             -Djdk.tls.ephemeralDHKeySize=2048
28-Apr-2024 15:23:27.570 INFO [main] org.apache.catalina.startup.VersionLoggerListener.log Command line argument:             -Djava.protocol.handler.pkgs=org.apache.catalina.webresources
28-Apr-2024 15:23:27.570 INFO [main] org.apache.catalina.startup.VersionLoggerListener.log Command line argument:             --add-opens=java.base/java.lang=ALL-UNNAMED
28-Apr-2024 15:23:27.570 INFO [main] org.apache.catalina.startup.VersionLoggerListener.log Command line argument:             --add-opens=java.base/java.io=ALL-UNNAMED
28-Apr-2024 15:23:27.571 INFO [main] org.apache.catalina.startup.VersionLoggerListener.log Command line argument:             --add-opens=java.base/java.util=ALL-UNNAMED
28-Apr-2024 15:23:27.571 INFO [main] org.apache.catalina.startup.VersionLoggerListener.log Command line argument:             --add-opens=java.base/java.util.concurrent=ALL-UNNAMED
28-Apr-2024 15:23:27.571 INFO [main] org.apache.catalina.startup.VersionLoggerListener.log Command line argument:             --add-opens=java.rmi/sun.rmi.transport=ALL-UNNAMED
28-Apr-2024 15:23:27.571 INFO [main] org.apache.catalina.startup.VersionLoggerListener.log Command line argument:             -Dcatalina.base=C:\Users\miche\Downloads\UltimoProyectoWeb\ProyectoFinalWeb\apache-tomcat-10.1.20-windows-x64\apache-tomcat-10.1.20
28-Apr-2024 15:23:27.571 INFO [main] org.apache.catalina.startup.VersionLoggerListener.log Command line argument:             -Dcatalina.home=C:\Users\miche\Downloads\UltimoProyectoWeb\ProyectoFinalWeb\apache-tomcat-10.1.20-windows-x64\apache-tomcat-10.1.20
28-Apr-2024 15:23:27.599 INFO [main] org.apache.catalina.startup.VersionLoggerListener.log Command line argument:             -Djava.io.tmpdir=C:\Users\miche\Downloads\UltimoProyectoWeb\ProyectoFinalWeb\apache-tomcat-10.1.20-windows-x64\apache-tomcat-10.1.20\temp
28-Apr-2024 15:23:27.603 INFO [main] org.apache.catalina.core.AprLifecycleListener.lifecycleEvent Cargada la biblioteca nativa APR de Apache Tomcat [2.0.7] con la versión APR [1.7.4].
28-Apr-2024 15:23:27.612 INFO [main] org.apache.catalina.core.AprLifecycleListener.initializeSSL OpenSSL inicializado correctamente [OpenSSL 3.0.13 30 Jan 2024]
28-Apr-2024 15:23:27.945 INFO [main] org.apache.coyote.AbstractProtocol.init Inicializando el manejador de protocolo ["http-nio-8080"]

28-Apr-2024 15:23:27.981 INFO [main] org.apache.catalina.startup.Catalina.load Server initialization in [623] milliseconds
28-Apr-2024 15:23:28.048 INFO [main] org.apache.catalina.core.StandardService.startInternal Arrancando servicio [Catalina]
28-Apr-2024 15:23:28.049 INFO [main] org.apache.catalina.core.StandardEngine.startInternal Starting Servlet engine: [Apache Tomcat/10.1.20]
28-Apr-2024 15:23:28.060 INFO [main] org.apache.catalina.startup.HostConfig.deployDescriptor Desplieque del descriptor de configuración [C:\Users\miche\Downloads\UltimoProyectoWeb\ProyectoFinalWeb\apache-tomcat-10.1.20-windows-x64\apache-tomcat-10.1.20\conf\Catalina\localhost\PracticaLogin.xml]
28-Apr-2024 15:23:28.077 WARNING [main] org.apache.catalina.startup.HostConfig.deployDescriptor The path attribute with value [/PracticaLogin] in deployment descriptor [C:\Users\miche\Downloads\UltimoProyectoWeb\ProyectoFinalWeb\apache-tomcat-10.1.20-windows-x64\apache-tomcat-10.1.20\conf\Catalina\localhost\PracticaLogin.xml] has been ignored
28-Apr-2024 15:23:28.121 SEVERE [main] org.apache.catalina.startup.HostConfig.deployDescriptor Error durante el despliegue del descriptor de configuración [C:\Users\miche\Downloads\UltimoProyectoWeb\ProyectoFinalWeb\apache-tomcat-10.1.20-windows-x64\apache-tomcat-10.1.20\conf\Catalina\localhost\PracticaLogin.xml]
	java.lang.IllegalStateException: Error starting child
		at org.apache.catalina.core.ContainerBase.addChildInternal(ContainerBase.java:686)
		at org.apache.catalina.core.ContainerBase.addChild(ContainerBase.java:658)
		at org.apache.catalina.core.StandardHost.addChild(StandardHost.java:712)
		at org.apache.catalina.startup.HostConfig.deployDescriptor(HostConfig.java:635)
		at org.apache.catalina.startup.HostConfig$DeployDescriptor.run(HostConfig.java:1889)
		at java.base/java.util.concurrent.Executors$RunnableAdapter.call(Executors.java:539)
		at java.base/java.util.concurrent.FutureTask.run(FutureTask.java:264)
		at org.apache.tomcat.util.threads.InlineExecutorService.execute(InlineExecutorService.java:75)
		at java.base/java.util.concurrent.AbstractExecutorService.submit(AbstractExecutorService.java:123)
		at org.apache.catalina.startup.HostConfig.deployDescriptors(HostConfig.java:530)
		at org.apache.catalina.startup.HostConfig.deployApps(HostConfig.java:421)
		at org.apache.catalina.startup.HostConfig.start(HostConfig.java:1629)
		at org.apache.catalina.startup.HostConfig.lifecycleEvent(HostConfig.java:303)
		at org.apache.catalina.util.LifecycleBase.fireLifecycleEvent(LifecycleBase.java:114)
		at org.apache.catalina.util.LifecycleBase.setStateInternal(LifecycleBase.java:402)
		at org.apache.catalina.util.LifecycleBase.setState(LifecycleBase.java:345)
		at org.apache.catalina.core.ContainerBase.startInternal(ContainerBase.java:893)
		at org.apache.catalina.core.StandardHost.startInternal(StandardHost.java:845)
		at org.apache.catalina.util.LifecycleBase.start(LifecycleBase.java:171)
		at org.apache.catalina.core.ContainerBase$StartChild.call(ContainerBase.java:1332)
		at org.apache.catalina.core.ContainerBase$StartChild.call(ContainerBase.java:1322)
		at java.base/java.util.concurrent.FutureTask.run(FutureTask.java:264)
		at org.apache.tomcat.util.threads.InlineExecutorService.execute(InlineExecutorService.java:75)
		at java.base/java.util.concurrent.AbstractExecutorService.submit(AbstractExecutorService.java:145)
		at org.apache.catalina.core.ContainerBase.startInternal(ContainerBase.java:866)
		at org.apache.catalina.core.StandardEngine.startInternal(StandardEngine.java:240)
		at org.apache.catalina.util.LifecycleBase.start(LifecycleBase.java:171)
		at org.apache.catalina.core.StandardService.startInternal(StandardService.java:433)
		at org.apache.catalina.util.LifecycleBase.start(LifecycleBase.java:171)
		at org.apache.catalina.core.StandardServer.startInternal(StandardServer.java:921)
		at org.apache.catalina.util.LifecycleBase.start(LifecycleBase.java:171)
		at org.apache.catalina.startup.Catalina.start(Catalina.java:757)
		at java.base/jdk.internal.reflect.DirectMethodHandleAccessor.invoke(DirectMethodHandleAccessor.java:104)
		at java.base/java.lang.reflect.Method.invoke(Method.java:577)
		at org.apache.catalina.startup.Bootstrap.start(Bootstrap.java:345)
		at org.apache.catalina.startup.Bootstrap.main(Bootstrap.java:473)
	Caused by: org.apache.catalina.LifecycleException: Failed to start component [org.apache.catalina.webresources.StandardRoot@79defdc]
		at org.apache.catalina.util.LifecycleBase.handleSubClassException(LifecycleBase.java:419)
		at org.apache.catalina.util.LifecycleBase.start(LifecycleBase.java:186)
		at org.apache.catalina.core.StandardContext.resourcesStart(StandardContext.java:4565)
		at org.apache.catalina.core.StandardContext.startInternal(StandardContext.java:4698)
		at org.apache.catalina.util.LifecycleBase.start(LifecycleBase.java:171)
		at org.apache.catalina.core.ContainerBase.addChildInternal(ContainerBase.java:683)
		... 35 more
	Caused by: java.lang.IllegalArgumentException: The main resource set specified [C:\Users\Yeisi\Documents\NetBeansProjects\PracticaLogin\target\PracticaLogin-1.0-SNAPSHOT] is not a directory or war file, or is not readable (it does not exist or permissions to access it are missing)
		at org.apache.catalina.webresources.StandardRoot.createMainResourceSet(StandardRoot.java:749)
		at org.apache.catalina.webresources.StandardRoot.startInternal(StandardRoot.java:707)
		at org.apache.catalina.util.LifecycleBase.start(LifecycleBase.java:171)
		... 39 more
28-Apr-2024 15:23:28.141 INFO [main] org.apache.catalina.startup.HostConfig.deployDescriptor Deployment of deployment descriptor [C:\Users\miche\Downloads\UltimoProyectoWeb\ProyectoFinalWeb\apache-tomcat-10.1.20-windows-x64\apache-tomcat-10.1.20\conf\Catalina\localhost\PracticaLogin.xml] has finished in [79] ms
28-Apr-2024 15:23:28.141 INFO [main] org.apache.catalina.startup.HostConfig.deployDescriptor Desplieque del descriptor de configuración [C:\Users\miche\Downloads\UltimoProyectoWeb\ProyectoFinalWeb\apache-tomcat-10.1.20-windows-x64\apache-tomcat-10.1.20\conf\Catalina\localhost\ProyectoFinalWeb.xml]
28-Apr-2024 15:23:28.144 WARNING [main] org.apache.catalina.startup.HostConfig.deployDescriptor The path attribute with value [/ProyectoFinalWeb] in deployment descriptor [C:\Users\miche\Downloads\UltimoProyectoWeb\ProyectoFinalWeb\apache-tomcat-10.1.20-windows-x64\apache-tomcat-10.1.20\conf\Catalina\localhost\ProyectoFinalWeb.xml] has been ignored
28-Apr-2024 15:23:28.150 SEVERE [main] org.apache.catalina.startup.HostConfig.deployDescriptor Error durante el despliegue del descriptor de configuración [C:\Users\miche\Downloads\UltimoProyectoWeb\ProyectoFinalWeb\apache-tomcat-10.1.20-windows-x64\apache-tomcat-10.1.20\conf\Catalina\localhost\ProyectoFinalWeb.xml]
	java.lang.IllegalStateException: Error starting child
		at org.apache.catalina.core.ContainerBase.addChildInternal(ContainerBase.java:686)
		at org.apache.catalina.core.ContainerBase.addChild(ContainerBase.java:658)
		at org.apache.catalina.core.StandardHost.addChild(StandardHost.java:712)
		at org.apache.catalina.startup.HostConfig.deployDescriptor(HostConfig.java:635)
		at org.apache.catalina.startup.HostConfig$DeployDescriptor.run(HostConfig.java:1889)
		at java.base/java.util.concurrent.Executors$RunnableAdapter.call(Executors.java:539)
		at java.base/java.util.concurrent.FutureTask.run(FutureTask.java:264)
		at org.apache.tomcat.util.threads.InlineExecutorService.execute(InlineExecutorService.java:75)
		at java.base/java.util.concurrent.AbstractExecutorService.submit(AbstractExecutorService.java:123)
		at org.apache.catalina.startup.HostConfig.deployDescriptors(HostConfig.java:530)
		at org.apache.catalina.startup.HostConfig.deployApps(HostConfig.java:421)
		at org.apache.catalina.startup.HostConfig.start(HostConfig.java:1629)
		at org.apache.catalina.startup.HostConfig.lifecycleEvent(HostConfig.java:303)
		at org.apache.catalina.util.LifecycleBase.fireLifecycleEvent(LifecycleBase.java:114)
		at org.apache.catalina.util.LifecycleBase.setStateInternal(LifecycleBase.java:402)
		at org.apache.catalina.util.LifecycleBase.setState(LifecycleBase.java:345)
		at org.apache.catalina.core.ContainerBase.startInternal(ContainerBase.java:893)
		at org.apache.catalina.core.StandardHost.startInternal(StandardHost.java:845)
		at org.apache.catalina.util.LifecycleBase.start(LifecycleBase.java:171)
		at org.apache.catalina.core.ContainerBase$StartChild.call(ContainerBase.java:1332)
		at org.apache.catalina.core.ContainerBase$StartChild.call(ContainerBase.java:1322)
		at java.base/java.util.concurrent.FutureTask.run(FutureTask.java:264)
		at org.apache.tomcat.util.threads.InlineExecutorService.execute(InlineExecutorService.java:75)
		at java.base/java.util.concurrent.AbstractExecutorService.submit(AbstractExecutorService.java:145)
		at org.apache.catalina.core.ContainerBase.startInternal(ContainerBase.java:866)
		at org.apache.catalina.core.StandardEngine.startInternal(StandardEngine.java:240)
		at org.apache.catalina.util.LifecycleBase.start(LifecycleBase.java:171)
		at org.apache.catalina.core.StandardService.startInternal(StandardService.java:433)
		at org.apache.catalina.util.LifecycleBase.start(LifecycleBase.java:171)
		at org.apache.catalina.core.StandardServer.startInternal(StandardServer.java:921)
		at org.apache.catalina.util.LifecycleBase.start(LifecycleBase.java:171)
		at org.apache.catalina.startup.Catalina.start(Catalina.java:757)
		at java.base/jdk.internal.reflect.DirectMethodHandleAccessor.invoke(DirectMethodHandleAccessor.java:104)
		at java.base/java.lang.reflect.Method.invoke(Method.java:577)
		at org.apache.catalina.startup.Bootstrap.start(Bootstrap.java:345)
		at org.apache.catalina.startup.Bootstrap.main(Bootstrap.java:473)
	Caused by: org.apache.catalina.LifecycleException: Failed to start component [org.apache.catalina.webresources.StandardRoot@4c2bb6e0]
		at org.apache.catalina.util.LifecycleBase.handleSubClassException(LifecycleBase.java:419)
		at org.apache.catalina.util.LifecycleBase.start(LifecycleBase.java:186)
		at org.apache.catalina.core.StandardContext.resourcesStart(StandardContext.java:4565)
		at org.apache.catalina.core.StandardContext.startInternal(StandardContext.java:4698)
		at org.apache.catalina.util.LifecycleBase.start(LifecycleBase.java:171)
		at org.apache.catalina.core.ContainerBase.addChildInternal(ContainerBase.java:683)
		... 35 more
	Caused by: java.lang.IllegalArgumentException: The main resource set specified [C:\Users\Yeisi\Documents\NetBeansProjects\ProyectoFinalWeb\target\ProyectoFinalWeb-1.0-SNAPSHOT] is not a directory or war file, or is not readable (it does not exist or permissions to access it are missing)
		at org.apache.catalina.webresources.StandardRoot.createMainResourceSet(StandardRoot.java:749)
		at org.apache.catalina.webresources.StandardRoot.startInternal(StandardRoot.java:707)
		at org.apache.catalina.util.LifecycleBase.start(LifecycleBase.java:171)
		... 39 more
28-Apr-2024 15:23:28.293 INFO [main] org.apache.catalina.startup.HostConfig.deployDescriptor Deployment of deployment descriptor [C:\Users\miche\Downloads\UltimoProyectoWeb\ProyectoFinalWeb\apache-tomcat-10.1.20-windows-x64\apache-tomcat-10.1.20\conf\Catalina\localhost\ProyectoFinalWeb.xml] has finished in [152] ms
28-Apr-2024 15:23:28.295 INFO [main] org.apache.catalina.startup.HostConfig.deployDirectory Desplegando el directorio [C:\Users\miche\Downloads\UltimoProyectoWeb\ProyectoFinalWeb\apache-tomcat-10.1.20-windows-x64\apache-tomcat-10.1.20\webapps\docs] de la aplicación web
28-Apr-2024 15:23:28.685 INFO [main] org.apache.catalina.startup.HostConfig.deployDirectory Deployment of web application directory [C:\Users\miche\Downloads\UltimoProyectoWeb\ProyectoFinalWeb\apache-tomcat-10.1.20-windows-x64\apache-tomcat-10.1.20\webapps\docs] has finished in [391] ms
28-Apr-2024 15:23:28.685 INFO [main] org.apache.catalina.startup.HostConfig.deployDirectory Desplegando el directorio [C:\Users\miche\Downloads\UltimoProyectoWeb\ProyectoFinalWeb\apache-tomcat-10.1.20-windows-x64\apache-tomcat-10.1.20\webapps\examples] de la aplicación web
28-Apr-2024 15:23:29.237 INFO [main] org.apache.catalina.startup.HostConfig.deployDirectory Deployment of web application directory [C:\Users\miche\Downloads\UltimoProyectoWeb\ProyectoFinalWeb\apache-tomcat-10.1.20-windows-x64\apache-tomcat-10.1.20\webapps\examples] has finished in [552] ms
28-Apr-2024 15:23:29.238 INFO [main] org.apache.catalina.startup.HostConfig.deployDirectory Desplegando el directorio [C:\Users\miche\Downloads\UltimoProyectoWeb\ProyectoFinalWeb\apache-tomcat-10.1.20-windows-x64\apache-tomcat-10.1.20\webapps\host-manager] de la aplicación web
28-Apr-2024 15:23:29.300 INFO [main] org.apache.catalina.startup.HostConfig.deployDirectory Deployment of web application directory [C:\Users\miche\Downloads\UltimoProyectoWeb\ProyectoFinalWeb\apache-tomcat-10.1.20-windows-x64\apache-tomcat-10.1.20\webapps\host-manager] has finished in [63] ms
28-Apr-2024 15:23:29.300 INFO [main] org.apache.catalina.startup.HostConfig.deployDirectory Desplegando el directorio [C:\Users\miche\Downloads\UltimoProyectoWeb\ProyectoFinalWeb\apache-tomcat-10.1.20-windows-x64\apache-tomcat-10.1.20\webapps\manager] de la aplicación web
28-Apr-2024 15:23:29.374 INFO [main] org.apache.catalina.startup.HostConfig.deployDirectory Deployment of web application directory [C:\Users\miche\Downloads\UltimoProyectoWeb\ProyectoFinalWeb\apache-tomcat-10.1.20-windows-x64\apache-tomcat-10.1.20\webapps\manager] has finished in [74] ms
28-Apr-2024 15:23:29.374 INFO [main] org.apache.catalina.startup.HostConfig.deployDirectory Desplegando el directorio [C:\Users\miche\Downloads\UltimoProyectoWeb\ProyectoFinalWeb\apache-tomcat-10.1.20-windows-x64\apache-tomcat-10.1.20\webapps\ROOT] de la aplicación web
28-Apr-2024 15:23:29.417 INFO [main] org.apache.catalina.startup.HostConfig.deployDirectory Deployment of web application directory [C:\Users\miche\Downloads\UltimoProyectoWeb\ProyectoFinalWeb\apache-tomcat-10.1.20-windows-x64\apache-tomcat-10.1.20\webapps\ROOT] has finished in [42] ms
28-Apr-2024 15:23:29.423 INFO [main] org.apache.coyote.AbstractProtocol.start Starting ProtocolHandler ["http-nio-8080"]
28-Apr-2024 15:23:29.520 INFO [main] org.apache.catalina.startup.Catalina.start Server startup in [1537] milliseconds
28-Apr-2024 15:23:34.809 INFO [http-nio-8080-exec-8] org.apache.catalina.startup.HostConfig.undeploy Repliegue (undeploy) de la aplicación web que tiene como trayectoria de contexto [/ProyectoFinalWeb]
28-Apr-2024 15:23:34.856 INFO [http-nio-8080-exec-10] org.apache.catalina.startup.HostConfig.deployDescriptor Desplieque del descriptor de configuración [C:\Users\miche\Downloads\UltimoProyectoWeb\ProyectoFinalWeb\apache-tomcat-10.1.20-windows-x64\apache-tomcat-10.1.20\conf\Catalina\localhost\ProyectoFinalWeb.xml]
28-Apr-2024 15:23:34.857 WARNING [http-nio-8080-exec-10] org.apache.catalina.startup.HostConfig.deployDescriptor The path attribute with value [/ProyectoFinalWeb] in deployment descriptor [C:\Users\miche\Downloads\UltimoProyectoWeb\ProyectoFinalWeb\apache-tomcat-10.1.20-windows-x64\apache-tomcat-10.1.20\conf\Catalina\localhost\ProyectoFinalWeb.xml] has been ignored
28-Apr-2024 15:23:35.346 INFO [http-nio-8080-exec-10] org.apache.jasper.servlet.TldScanner.scanJars Al menos un JAR, que se ha explorado buscando TLDs, aún no contenía TLDs. Activar historial de depuración para este historiador para una completa lista de los JARs que fueron explorados y de los que nos se halló TLDs. Saltarse JARs no necesarios durante la exploración puede dar lugar a una mejora de tiempo significativa en el arranque y compilación de JSP .
28-Apr-2024 15:23:35.355 INFO [http-nio-8080-exec-10] org.apache.catalina.startup.HostConfig.deployDescriptor Deployment of deployment descriptor [C:\Users\miche\Downloads\UltimoProyectoWeb\ProyectoFinalWeb\apache-tomcat-10.1.20-windows-x64\apache-tomcat-10.1.20\conf\Catalina\localhost\ProyectoFinalWeb.xml] has finished in [499] ms
28-Apr-2024 15:23:35.360 INFO [http-nio-8080-exec-3] org.apache.catalina.util.LifecycleBase.start The start() method was called on component [StandardEngine[Catalina].StandardHost[localhost].StandardContext[/ProyectoFinalWeb]] after start() had already been called. The second call will be ignored.
28-Apr-2024 15:45:04.934 INFO [http-nio-8080-exec-20] org.apache.catalina.startup.HostConfig.undeploy Repliegue (undeploy) de la aplicación web que tiene como trayectoria de contexto [/ProyectoFinalWeb]
28-Apr-2024 15:45:04.962 INFO [http-nio-8080-exec-17] org.apache.catalina.startup.HostConfig.deployDescriptor Desplieque del descriptor de configuración [C:\Users\miche\Downloads\UltimoProyectoWeb\ProyectoFinalWeb\apache-tomcat-10.1.20-windows-x64\apache-tomcat-10.1.20\conf\Catalina\localhost\ProyectoFinalWeb.xml]
28-Apr-2024 15:45:04.964 WARNING [http-nio-8080-exec-17] org.apache.catalina.startup.HostConfig.deployDescriptor The path attribute with value [/ProyectoFinalWeb] in deployment descriptor [C:\Users\miche\Downloads\UltimoProyectoWeb\ProyectoFinalWeb\apache-tomcat-10.1.20-windows-x64\apache-tomcat-10.1.20\conf\Catalina\localhost\ProyectoFinalWeb.xml] has been ignored
28-Apr-2024 15:45:05.352 INFO [http-nio-8080-exec-17] org.apache.jasper.servlet.TldScanner.scanJars Al menos un JAR, que se ha explorado buscando TLDs, aún no contenía TLDs. Activar historial de depuración para este historiador para una completa lista de los JARs que fueron explorados y de los que nos se halló TLDs. Saltarse JARs no necesarios durante la exploración puede dar lugar a una mejora de tiempo significativa en el arranque y compilación de JSP .
28-Apr-2024 15:45:05.355 INFO [http-nio-8080-exec-17] org.apache.catalina.startup.HostConfig.deployDescriptor Deployment of deployment descriptor [C:\Users\miche\Downloads\UltimoProyectoWeb\ProyectoFinalWeb\apache-tomcat-10.1.20-windows-x64\apache-tomcat-10.1.20\conf\Catalina\localhost\ProyectoFinalWeb.xml] has finished in [393] ms
28-Apr-2024 15:45:05.358 INFO [http-nio-8080-exec-15] org.apache.catalina.util.LifecycleBase.start The start() method was called on component [StandardEngine[Catalina].StandardHost[localhost].StandardContext[/ProyectoFinalWeb]] after start() had already been called. The second call will be ignored.
28-Apr-2024 18:17:31.313 INFO [http-nio-8080-exec-28] org.apache.catalina.startup.HostConfig.undeploy Repliegue (undeploy) de la aplicación web que tiene como trayectoria de contexto [/ProyectoFinalWeb]
28-Apr-2024 18:17:31.370 INFO [http-nio-8080-exec-24] org.apache.catalina.startup.HostConfig.deployDescriptor Desplieque del descriptor de configuración [C:\Users\miche\Downloads\UltimoProyectoWeb\ProyectoFinalWeb\apache-tomcat-10.1.20-windows-x64\apache-tomcat-10.1.20\conf\Catalina\localhost\ProyectoFinalWeb.xml]
28-Apr-2024 18:17:31.374 WARNING [http-nio-8080-exec-24] org.apache.catalina.startup.HostConfig.deployDescriptor The path attribute with value [/ProyectoFinalWeb] in deployment descriptor [C:\Users\miche\Downloads\UltimoProyectoWeb\ProyectoFinalWeb\apache-tomcat-10.1.20-windows-x64\apache-tomcat-10.1.20\conf\Catalina\localhost\ProyectoFinalWeb.xml] has been ignored
28-Apr-2024 18:17:31.910 INFO [http-nio-8080-exec-24] org.apache.jasper.servlet.TldScanner.scanJars Al menos un JAR, que se ha explorado buscando TLDs, aún no contenía TLDs. Activar historial de depuración para este historiador para una completa lista de los JARs que fueron explorados y de los que nos se halló TLDs. Saltarse JARs no necesarios durante la exploración puede dar lugar a una mejora de tiempo significativa en el arranque y compilación de JSP .
28-Apr-2024 18:17:31.919 INFO [http-nio-8080-exec-24] org.apache.catalina.startup.HostConfig.deployDescriptor Deployment of deployment descriptor [C:\Users\miche\Downloads\UltimoProyectoWeb\ProyectoFinalWeb\apache-tomcat-10.1.20-windows-x64\apache-tomcat-10.1.20\conf\Catalina\localhost\ProyectoFinalWeb.xml] has finished in [548] ms
28-Apr-2024 18:17:31.922 INFO [http-nio-8080-exec-22] org.apache.catalina.util.LifecycleBase.start The start() method was called on component [StandardEngine[Catalina].StandardHost[localhost].StandardContext[/ProyectoFinalWeb]] after start() had already been called. The second call will be ignored.
28-Apr-2024 19:05:31.813 INFO [http-nio-8080-exec-35] org.apache.catalina.startup.HostConfig.undeploy Repliegue (undeploy) de la aplicación web que tiene como trayectoria de contexto [/ProyectoFinalWeb]
28-Apr-2024 19:05:31.867 INFO [http-nio-8080-exec-33] org.apache.catalina.startup.HostConfig.deployDescriptor Desplieque del descriptor de configuración [C:\Users\miche\Downloads\UltimoProyectoWeb\ProyectoFinalWeb\apache-tomcat-10.1.20-windows-x64\apache-tomcat-10.1.20\conf\Catalina\localhost\ProyectoFinalWeb.xml]
28-Apr-2024 19:05:31.868 WARNING [http-nio-8080-exec-33] org.apache.catalina.startup.HostConfig.deployDescriptor The path attribute with value [/ProyectoFinalWeb] in deployment descriptor [C:\Users\miche\Downloads\UltimoProyectoWeb\ProyectoFinalWeb\apache-tomcat-10.1.20-windows-x64\apache-tomcat-10.1.20\conf\Catalina\localhost\ProyectoFinalWeb.xml] has been ignored
28-Apr-2024 19:05:32.270 INFO [http-nio-8080-exec-33] org.apache.jasper.servlet.TldScanner.scanJars Al menos un JAR, que se ha explorado buscando TLDs, aún no contenía TLDs. Activar historial de depuración para este historiador para una completa lista de los JARs que fueron explorados y de los que nos se halló TLDs. Saltarse JARs no necesarios durante la exploración puede dar lugar a una mejora de tiempo significativa en el arranque y compilación de JSP .
28-Apr-2024 19:05:32.274 INFO [http-nio-8080-exec-33] org.apache.catalina.startup.HostConfig.deployDescriptor Deployment of deployment descriptor [C:\Users\miche\Downloads\UltimoProyectoWeb\ProyectoFinalWeb\apache-tomcat-10.1.20-windows-x64\apache-tomcat-10.1.20\conf\Catalina\localhost\ProyectoFinalWeb.xml] has finished in [407] ms
28-Apr-2024 19:05:32.277 INFO [http-nio-8080-exec-34] org.apache.catalina.util.LifecycleBase.start The start() method was called on component [StandardEngine[Catalina].StandardHost[localhost].StandardContext[/ProyectoFinalWeb]] after start() had already been called. The second call will be ignored.
28-Apr-2024 23:02:11.474 INFO [main] org.apache.catalina.core.StandardServer.await Se ha recibido un comando de apagado a través del puerto de apagado. Parando la instancia del Servidor.
28-Apr-2024 23:02:11.475 INFO [main] org.apache.coyote.AbstractProtocol.pause Pausing ProtocolHandler ["http-nio-8080"]
28-Apr-2024 23:02:11.485 INFO [main] org.apache.catalina.core.StandardService.stopInternal Parando servicio [Catalina]
28-Apr-2024 23:02:11.512 WARNING [main] org.apache.catalina.loader.WebappClassLoaderBase.clearReferencesJdbc La aplicación web [ProyectoFinalWeb] registró el conductor JDBC [com.mysql.cj.jdbc.Driver] pero falló al anular el registro mientras la aplicación web estaba parada. Para prevenir un fallo de memoria, se ha anulado el registro del conductor JDBC por la fuerza.
28-Apr-2024 23:02:11.513 WARNING [main] org.apache.catalina.loader.WebappClassLoaderBase.clearReferencesThreads The web application [ProyectoFinalWeb] appears to have started a thread named [mysql-cj-abandoned-connection-cleanup] but has failed to stop it. This is very likely to create a memory leak. Stack trace of thread:
 java.base@18.0.1.1/java.lang.Object.wait(Native Method)
 java.base@18.0.1.1/java.lang.ref.ReferenceQueue.remove(ReferenceQueue.java:155)
 com.mysql.cj.jdbc.AbandonedConnectionCleanupThread.run(AbandonedConnectionCleanupThread.java:91)
 java.base@18.0.1.1/java.util.concurrent.ThreadPoolExecutor.runWorker(ThreadPoolExecutor.java:1136)
 java.base@18.0.1.1/java.util.concurrent.ThreadPoolExecutor$Worker.run(ThreadPoolExecutor.java:635)
 java.base@18.0.1.1/java.lang.Thread.run(Thread.java:833)
28-Apr-2024 23:02:11.516 INFO [main] org.apache.coyote.AbstractProtocol.stop Stopping ProtocolHandler ["http-nio-8080"]
28-Apr-2024 23:02:11.525 INFO [main] org.apache.coyote.AbstractProtocol.destroy Destroying ProtocolHandler ["http-nio-8080"]
28-Apr-2024 23:15:08.120 INFO [main] org.apache.catalina.startup.VersionLoggerListener.log Nombre de la versión del servidor: Apache Tomcat/10.1.20
28-Apr-2024 23:15:08.124 INFO [main] org.apache.catalina.startup.VersionLoggerListener.log Server built:                      Mar 19 2024 12:49:58 UTC
28-Apr-2024 23:15:08.124 INFO [main] org.apache.catalina.startup.VersionLoggerListener.log Número de versión de servidor:     10.1.20.0
28-Apr-2024 23:15:08.124 INFO [main] org.apache.catalina.startup.VersionLoggerListener.log OS Name:                           Windows 11
28-Apr-2024 23:15:08.124 INFO [main] org.apache.catalina.startup.VersionLoggerListener.log Versión de Systema Operativo:      10.0
28-Apr-2024 23:15:08.124 INFO [main] org.apache.catalina.startup.VersionLoggerListener.log Arquitectura:                      amd64
28-Apr-2024 23:15:08.125 INFO [main] org.apache.catalina.startup.VersionLoggerListener.log Java Home:                         C:\Program Files\Java\jdk-18.0.1.1
28-Apr-2024 23:15:08.125 INFO [main] org.apache.catalina.startup.VersionLoggerListener.log JVM Version:                       18.0.1.1+2-6
28-Apr-2024 23:15:08.125 INFO [main] org.apache.catalina.startup.VersionLoggerListener.log Vededor JVM:                       Oracle Corporation
28-Apr-2024 23:15:08.125 INFO [main] org.apache.catalina.startup.VersionLoggerListener.log CATALINA_BASE:                     C:\Users\miche\Downloads\UltimoProyectoWeb\ProyectoFinalWeb\apache-tomcat-10.1.20-windows-x64\apache-tomcat-10.1.20
28-Apr-2024 23:15:08.125 INFO [main] org.apache.catalina.startup.VersionLoggerListener.log CATALINA_HOME:                     C:\Users\miche\Downloads\UltimoProyectoWeb\ProyectoFinalWeb\apache-tomcat-10.1.20-windows-x64\apache-tomcat-10.1.20
28-Apr-2024 23:15:08.140 INFO [main] org.apache.catalina.startup.VersionLoggerListener.log Command line argument:             -Djava.util.logging.config.file=C:\Users\miche\Downloads\UltimoProyectoWeb\ProyectoFinalWeb\apache-tomcat-10.1.20-windows-x64\apache-tomcat-10.1.20\conf\logging.properties
28-Apr-2024 23:15:08.140 INFO [main] org.apache.catalina.startup.VersionLoggerListener.log Command line argument:             -Djava.util.logging.manager=org.apache.juli.ClassLoaderLogManager
28-Apr-2024 23:15:08.140 INFO [main] org.apache.catalina.startup.VersionLoggerListener.log Command line argument:             -Dhttp.nonProxyHosts=localhost|127.0.0.1|HpMichelle
28-Apr-2024 23:15:08.140 INFO [main] org.apache.catalina.startup.VersionLoggerListener.log Command line argument:             -Djdk.tls.ephemeralDHKeySize=2048
28-Apr-2024 23:15:08.140 INFO [main] org.apache.catalina.startup.VersionLoggerListener.log Command line argument:             -Djava.protocol.handler.pkgs=org.apache.catalina.webresources
28-Apr-2024 23:15:08.140 INFO [main] org.apache.catalina.startup.VersionLoggerListener.log Command line argument:             --add-opens=java.base/java.lang=ALL-UNNAMED
28-Apr-2024 23:15:08.140 INFO [main] org.apache.catalina.startup.VersionLoggerListener.log Command line argument:             --add-opens=java.base/java.io=ALL-UNNAMED
28-Apr-2024 23:15:08.140 INFO [main] org.apache.catalina.startup.VersionLoggerListener.log Command line argument:             --add-opens=java.base/java.util=ALL-UNNAMED
28-Apr-2024 23:15:08.140 INFO [main] org.apache.catalina.startup.VersionLoggerListener.log Command line argument:             --add-opens=java.base/java.util.concurrent=ALL-UNNAMED
28-Apr-2024 23:15:08.140 INFO [main] org.apache.catalina.startup.VersionLoggerListener.log Command line argument:             --add-opens=java.rmi/sun.rmi.transport=ALL-UNNAMED
28-Apr-2024 23:15:08.142 INFO [main] org.apache.catalina.startup.VersionLoggerListener.log Command line argument:             -Dcatalina.base=C:\Users\miche\Downloads\UltimoProyectoWeb\ProyectoFinalWeb\apache-tomcat-10.1.20-windows-x64\apache-tomcat-10.1.20
28-Apr-2024 23:15:08.142 INFO [main] org.apache.catalina.startup.VersionLoggerListener.log Command line argument:             -Dcatalina.home=C:\Users\miche\Downloads\UltimoProyectoWeb\ProyectoFinalWeb\apache-tomcat-10.1.20-windows-x64\apache-tomcat-10.1.20
28-Apr-2024 23:15:08.165 INFO [main] org.apache.catalina.startup.VersionLoggerListener.log Command line argument:             -Djava.io.tmpdir=C:\Users\miche\Downloads\UltimoProyectoWeb\ProyectoFinalWeb\apache-tomcat-10.1.20-windows-x64\apache-tomcat-10.1.20\temp
28-Apr-2024 23:15:08.171 INFO [main] org.apache.catalina.core.AprLifecycleListener.lifecycleEvent Cargada la biblioteca nativa APR de Apache Tomcat [2.0.7] con la versión APR [1.7.4].
28-Apr-2024 23:15:08.179 INFO [main] org.apache.catalina.core.AprLifecycleListener.initializeSSL OpenSSL inicializado correctamente [OpenSSL 3.0.13 30 Jan 2024]
28-Apr-2024 23:15:08.426 INFO [main] org.apache.coyote.AbstractProtocol.init Inicializando el manejador de protocolo ["http-nio-8080"]

28-Apr-2024 23:15:08.452 INFO [main] org.apache.catalina.startup.Catalina.load Server initialization in [549] milliseconds
28-Apr-2024 23:15:08.513 INFO [main] org.apache.catalina.core.StandardService.startInternal Arrancando servicio [Catalina]
28-Apr-2024 23:15:08.513 INFO [main] org.apache.catalina.core.StandardEngine.startInternal Starting Servlet engine: [Apache Tomcat/10.1.20]
28-Apr-2024 23:15:08.517 INFO [main] org.apache.catalina.startup.HostConfig.deployDescriptor Desplieque del descriptor de configuración [C:\Users\miche\Downloads\UltimoProyectoWeb\ProyectoFinalWeb\apache-tomcat-10.1.20-windows-x64\apache-tomcat-10.1.20\conf\Catalina\localhost\PracticaLogin.xml]
28-Apr-2024 23:15:08.537 WARNING [main] org.apache.catalina.startup.HostConfig.deployDescriptor The path attribute with value [/PracticaLogin] in deployment descriptor [C:\Users\miche\Downloads\UltimoProyectoWeb\ProyectoFinalWeb\apache-tomcat-10.1.20-windows-x64\apache-tomcat-10.1.20\conf\Catalina\localhost\PracticaLogin.xml] has been ignored
28-Apr-2024 23:15:08.587 SEVERE [main] org.apache.catalina.startup.HostConfig.deployDescriptor Error durante el despliegue del descriptor de configuración [C:\Users\miche\Downloads\UltimoProyectoWeb\ProyectoFinalWeb\apache-tomcat-10.1.20-windows-x64\apache-tomcat-10.1.20\conf\Catalina\localhost\PracticaLogin.xml]
	java.lang.IllegalStateException: Error starting child
		at org.apache.catalina.core.ContainerBase.addChildInternal(ContainerBase.java:686)
		at org.apache.catalina.core.ContainerBase.addChild(ContainerBase.java:658)
		at org.apache.catalina.core.StandardHost.addChild(StandardHost.java:712)
		at org.apache.catalina.startup.HostConfig.deployDescriptor(HostConfig.java:635)
		at org.apache.catalina.startup.HostConfig$DeployDescriptor.run(HostConfig.java:1889)
		at java.base/java.util.concurrent.Executors$RunnableAdapter.call(Executors.java:539)
		at java.base/java.util.concurrent.FutureTask.run(FutureTask.java:264)
		at org.apache.tomcat.util.threads.InlineExecutorService.execute(InlineExecutorService.java:75)
		at java.base/java.util.concurrent.AbstractExecutorService.submit(AbstractExecutorService.java:123)
		at org.apache.catalina.startup.HostConfig.deployDescriptors(HostConfig.java:530)
		at org.apache.catalina.startup.HostConfig.deployApps(HostConfig.java:421)
		at org.apache.catalina.startup.HostConfig.start(HostConfig.java:1629)
		at org.apache.catalina.startup.HostConfig.lifecycleEvent(HostConfig.java:303)
		at org.apache.catalina.util.LifecycleBase.fireLifecycleEvent(LifecycleBase.java:114)
		at org.apache.catalina.util.LifecycleBase.setStateInternal(LifecycleBase.java:402)
		at org.apache.catalina.util.LifecycleBase.setState(LifecycleBase.java:345)
		at org.apache.catalina.core.ContainerBase.startInternal(ContainerBase.java:893)
		at org.apache.catalina.core.StandardHost.startInternal(StandardHost.java:845)
		at org.apache.catalina.util.LifecycleBase.start(LifecycleBase.java:171)
		at org.apache.catalina.core.ContainerBase$StartChild.call(ContainerBase.java:1332)
		at org.apache.catalina.core.ContainerBase$StartChild.call(ContainerBase.java:1322)
		at java.base/java.util.concurrent.FutureTask.run(FutureTask.java:264)
		at org.apache.tomcat.util.threads.InlineExecutorService.execute(InlineExecutorService.java:75)
		at java.base/java.util.concurrent.AbstractExecutorService.submit(AbstractExecutorService.java:145)
		at org.apache.catalina.core.ContainerBase.startInternal(ContainerBase.java:866)
		at org.apache.catalina.core.StandardEngine.startInternal(StandardEngine.java:240)
		at org.apache.catalina.util.LifecycleBase.start(LifecycleBase.java:171)
		at org.apache.catalina.core.StandardService.startInternal(StandardService.java:433)
		at org.apache.catalina.util.LifecycleBase.start(LifecycleBase.java:171)
		at org.apache.catalina.core.StandardServer.startInternal(StandardServer.java:921)
		at org.apache.catalina.util.LifecycleBase.start(LifecycleBase.java:171)
		at org.apache.catalina.startup.Catalina.start(Catalina.java:757)
		at java.base/jdk.internal.reflect.DirectMethodHandleAccessor.invoke(DirectMethodHandleAccessor.java:104)
		at java.base/java.lang.reflect.Method.invoke(Method.java:577)
		at org.apache.catalina.startup.Bootstrap.start(Bootstrap.java:345)
		at org.apache.catalina.startup.Bootstrap.main(Bootstrap.java:473)
	Caused by: org.apache.catalina.LifecycleException: Failed to start component [org.apache.catalina.webresources.StandardRoot@7975d1d8]
		at org.apache.catalina.util.LifecycleBase.handleSubClassException(LifecycleBase.java:419)
		at org.apache.catalina.util.LifecycleBase.start(LifecycleBase.java:186)
		at org.apache.catalina.core.StandardContext.resourcesStart(StandardContext.java:4565)
		at org.apache.catalina.core.StandardContext.startInternal(StandardContext.java:4698)
		at org.apache.catalina.util.LifecycleBase.start(LifecycleBase.java:171)
		at org.apache.catalina.core.ContainerBase.addChildInternal(ContainerBase.java:683)
		... 35 more
	Caused by: java.lang.IllegalArgumentException: The main resource set specified [C:\Users\Yeisi\Documents\NetBeansProjects\PracticaLogin\target\PracticaLogin-1.0-SNAPSHOT] is not a directory or war file, or is not readable (it does not exist or permissions to access it are missing)
		at org.apache.catalina.webresources.StandardRoot.createMainResourceSet(StandardRoot.java:749)
		at org.apache.catalina.webresources.StandardRoot.startInternal(StandardRoot.java:707)
		at org.apache.catalina.util.LifecycleBase.start(LifecycleBase.java:171)
		... 39 more
28-Apr-2024 23:15:08.601 INFO [main] org.apache.catalina.startup.HostConfig.deployDescriptor Deployment of deployment descriptor [C:\Users\miche\Downloads\UltimoProyectoWeb\ProyectoFinalWeb\apache-tomcat-10.1.20-windows-x64\apache-tomcat-10.1.20\conf\Catalina\localhost\PracticaLogin.xml] has finished in [82] ms
28-Apr-2024 23:15:08.601 INFO [main] org.apache.catalina.startup.HostConfig.deployDescriptor Desplieque del descriptor de configuración [C:\Users\miche\Downloads\UltimoProyectoWeb\ProyectoFinalWeb\apache-tomcat-10.1.20-windows-x64\apache-tomcat-10.1.20\conf\Catalina\localhost\ProyectoFinalWeb.xml]
28-Apr-2024 23:15:08.602 WARNING [main] org.apache.catalina.startup.HostConfig.deployDescriptor The path attribute with value [/ProyectoFinalWeb] in deployment descriptor [C:\Users\miche\Downloads\UltimoProyectoWeb\ProyectoFinalWeb\apache-tomcat-10.1.20-windows-x64\apache-tomcat-10.1.20\conf\Catalina\localhost\ProyectoFinalWeb.xml] has been ignored
28-Apr-2024 23:15:09.435 INFO [main] org.apache.jasper.servlet.TldScanner.scanJars Al menos un JAR, que se ha explorado buscando TLDs, aún no contenía TLDs. Activar historial de depuración para este historiador para una completa lista de los JARs que fueron explorados y de los que nos se halló TLDs. Saltarse JARs no necesarios durante la exploración puede dar lugar a una mejora de tiempo significativa en el arranque y compilación de JSP .
28-Apr-2024 23:15:09.552 INFO [main] org.apache.catalina.startup.HostConfig.deployDescriptor Deployment of deployment descriptor [C:\Users\miche\Downloads\UltimoProyectoWeb\ProyectoFinalWeb\apache-tomcat-10.1.20-windows-x64\apache-tomcat-10.1.20\conf\Catalina\localhost\ProyectoFinalWeb.xml] has finished in [951] ms
28-Apr-2024 23:15:09.552 INFO [main] org.apache.catalina.startup.HostConfig.deployDirectory Desplegando el directorio [C:\Users\miche\Downloads\UltimoProyectoWeb\ProyectoFinalWeb\apache-tomcat-10.1.20-windows-x64\apache-tomcat-10.1.20\webapps\docs] de la aplicación web
28-Apr-2024 23:15:09.596 INFO [main] org.apache.catalina.startup.HostConfig.deployDirectory Deployment of web application directory [C:\Users\miche\Downloads\UltimoProyectoWeb\ProyectoFinalWeb\apache-tomcat-10.1.20-windows-x64\apache-tomcat-10.1.20\webapps\docs] has finished in [44] ms
28-Apr-2024 23:15:09.596 INFO [main] org.apache.catalina.startup.HostConfig.deployDirectory Desplegando el directorio [C:\Users\miche\Downloads\UltimoProyectoWeb\ProyectoFinalWeb\apache-tomcat-10.1.20-windows-x64\apache-tomcat-10.1.20\webapps\examples] de la aplicación web
28-Apr-2024 23:15:10.093 INFO [main] org.apache.catalina.startup.HostConfig.deployDirectory Deployment of web application directory [C:\Users\miche\Downloads\UltimoProyectoWeb\ProyectoFinalWeb\apache-tomcat-10.1.20-windows-x64\apache-tomcat-10.1.20\webapps\examples] has finished in [497] ms
28-Apr-2024 23:15:10.094 INFO [main] org.apache.catalina.startup.HostConfig.deployDirectory Desplegando el directorio [C:\Users\miche\Downloads\UltimoProyectoWeb\ProyectoFinalWeb\apache-tomcat-10.1.20-windows-x64\apache-tomcat-10.1.20\webapps\host-manager] de la aplicación web
28-Apr-2024 23:15:10.149 INFO [main] org.apache.catalina.startup.HostConfig.deployDirectory Deployment of web application directory [C:\Users\miche\Downloads\UltimoProyectoWeb\ProyectoFinalWeb\apache-tomcat-10.1.20-windows-x64\apache-tomcat-10.1.20\webapps\host-manager] has finished in [55] ms
28-Apr-2024 23:15:10.150 INFO [main] org.apache.catalina.startup.HostConfig.deployDirectory Desplegando el directorio [C:\Users\miche\Downloads\UltimoProyectoWeb\ProyectoFinalWeb\apache-tomcat-10.1.20-windows-x64\apache-tomcat-10.1.20\webapps\manager] de la aplicación web
28-Apr-2024 23:15:10.200 INFO [main] org.apache.catalina.startup.HostConfig.deployDirectory Deployment of web application directory [C:\Users\miche\Downloads\UltimoProyectoWeb\ProyectoFinalWeb\apache-tomcat-10.1.20-windows-x64\apache-tomcat-10.1.20\webapps\manager] has finished in [49] ms
28-Apr-2024 23:15:10.200 INFO [main] org.apache.catalina.startup.HostConfig.deployDirectory Desplegando el directorio [C:\Users\miche\Downloads\UltimoProyectoWeb\ProyectoFinalWeb\apache-tomcat-10.1.20-windows-x64\apache-tomcat-10.1.20\webapps\ROOT] de la aplicación web
28-Apr-2024 23:15:10.231 INFO [main] org.apache.catalina.startup.HostConfig.deployDirectory Deployment of web application directory [C:\Users\miche\Downloads\UltimoProyectoWeb\ProyectoFinalWeb\apache-tomcat-10.1.20-windows-x64\apache-tomcat-10.1.20\webapps\ROOT] has finished in [31] ms
28-Apr-2024 23:15:10.237 INFO [main] org.apache.coyote.AbstractProtocol.start Starting ProtocolHandler ["http-nio-8080"]
28-Apr-2024 23:15:10.313 INFO [main] org.apache.catalina.startup.Catalina.start Server startup in [1860] milliseconds
28-Apr-2024 23:15:34.250 INFO [http-nio-8080-exec-10] org.apache.catalina.startup.HostConfig.undeploy Repliegue (undeploy) de la aplicación web que tiene como trayectoria de contexto [/ProyectoFinalWeb]
28-Apr-2024 23:15:34.317 INFO [http-nio-8080-exec-9] org.apache.catalina.startup.HostConfig.deployDescriptor Desplieque del descriptor de configuración [C:\Users\miche\Downloads\UltimoProyectoWeb\ProyectoFinalWeb\apache-tomcat-10.1.20-windows-x64\apache-tomcat-10.1.20\conf\Catalina\localhost\ProyectoFinalWeb.xml]
28-Apr-2024 23:15:34.319 WARNING [http-nio-8080-exec-9] org.apache.catalina.startup.HostConfig.deployDescriptor The path attribute with value [/ProyectoFinalWeb] in deployment descriptor [C:\Users\miche\Downloads\UltimoProyectoWeb\ProyectoFinalWeb\apache-tomcat-10.1.20-windows-x64\apache-tomcat-10.1.20\conf\Catalina\localhost\ProyectoFinalWeb.xml] has been ignored
28-Apr-2024 23:15:34.832 INFO [http-nio-8080-exec-9] org.apache.jasper.servlet.TldScanner.scanJars Al menos un JAR, que se ha explorado buscando TLDs, aún no contenía TLDs. Activar historial de depuración para este historiador para una completa lista de los JARs que fueron explorados y de los que nos se halló TLDs. Saltarse JARs no necesarios durante la exploración puede dar lugar a una mejora de tiempo significativa en el arranque y compilación de JSP .
28-Apr-2024 23:15:34.835 INFO [http-nio-8080-exec-9] org.apache.catalina.startup.HostConfig.deployDescriptor Deployment of deployment descriptor [C:\Users\miche\Downloads\UltimoProyectoWeb\ProyectoFinalWeb\apache-tomcat-10.1.20-windows-x64\apache-tomcat-10.1.20\conf\Catalina\localhost\ProyectoFinalWeb.xml] has finished in [518] ms
28-Apr-2024 23:15:34.841 INFO [http-nio-8080-exec-3] org.apache.catalina.util.LifecycleBase.start The start() method was called on component [StandardEngine[Catalina].StandardHost[localhost].StandardContext[/ProyectoFinalWeb]] after start() had already been called. The second call will be ignored.
